Copyright 1986-2018 Xilinx, Inc. All Rights Reserved.
--------------------------------------------------------------------------------------------------------------------------------------------------------------------------
| Tool Version : Vivado v.2018.2 (win64) Build 2258646 Thu Jun 14 20:03:12 MDT 2018
| Date         : Sun Apr  9 22:20:34 2023
| Host         : LAPTOP-E10EM86U running 64-bit major release  (build 9200)
| Command      : report_methodology -file bcd_1dec_bit_methodology_drc_routed.rpt -pb bcd_1dec_bit_methodology_drc_routed.pb -rpx bcd_1dec_bit_methodology_drc_routed.rpx
| Design       : bcd_1dec_bit
| Device       : xc7z007sclg225-2
| Speed File   : -2
| Design State : Routed
--------------------------------------------------------------------------------------------------------------------------------------------------------------------------

Report Methodology

Table of Contents
-----------------
1. REPORT SUMMARY
2. REPORT DETAILS

1. REPORT SUMMARY
-----------------
            Netlist: netlist
          Floorplan: design_1
      Design limits: <entire design considered>
             Max violations: <unlimited>
             Violations found: 0
+------+----------+-------------+------------+
| Rule | Severity | Description | Violations |
+------+----------+-------------+------------+
+------+----------+-------------+------------+

2. REPORT DETAILS
-----------------

