16:38:12 **** Build of configuration Debug for project fpga ****
make pre-build main-build 
a9-linaro-pre-build-step
' '
'Building file: ../src/helloworld.c'
'Invoking: Cross ARM C Compiler'
std=gnu11 -MMD -MP -MF"src/helloworld.d" -MT"src/helloworld.d" -c -o "src/helloworld.o" "../src/helloworld.c"
'std' is not recognized as an internal or external command,
operable program or batch file.
make: [src/helloworld.o] Error 1 (ignored)
'Finished building: ../src/helloworld.c'
' '
'Building file: ../src/platform.c'
'Invoking: ARM v7 gcc compiler'
arm-none-eabi-gcc -Wall -O0 -g3 -c -fmessage-length=0 -MT"src/platform.o" -mcpu=cortex-a9 -mfpu=vfpv3 -mfloat-abi=hard -I../../fpga_bsp/ps7_cortexa9_0/include -MMD -MP -MF"src/platform.d" -MT"src/platform.o" -o "src/platform.o" "../src/platform.c"
'Finished building: ../src/platform.c'
' '
'Building target: fpga.elf'
'Invoking: ARM v7 gcc linker'
arm-none-eabi-gcc -mcpu=cortex-a9 -mfpu=vfpv3 -mfloat-abi=hard -Wl,-build-id=none -specs=Xilinx.spec -Wl,-T -Wl,../src/lscript.ld -L../../fpga_bsp/ps7_cortexa9_0/lib -o "fpga.elf"  ./src/helloworld.o ./src/platform.o   -Wl,--start-group,-lxil,-lgcc,-lc,--end-group
arm-none-eabi-gcc: error: ./src/helloworld.o: No such file or directory
make: *** [fpga.elf] Error 1

16:38:13 Build Finished (took 1s.320ms)

