
*** Running vivado
    with args -log debayering_wrapper.vdi -applog -m64 -product Vivado -messageDb vivado.pb -mode batch -source debayering_wrapper.tcl -notrace


****** Vivado v2018.2 (64-bit)
  **** SW Build 2258646 on Thu Jun 14 20:03:12 MDT 2018
  **** IP Build 2256618 on Thu Jun 14 22:10:49 MDT 2018
    ** Copyright 1986-2018 Xilinx, Inc. All Rights Reserved.

source debayering_wrapper.tcl -notrace
INFO: [IP_Flow 19-234] Refreshing IP repositories
INFO: [IP_Flow 19-1704] No user IP repositories specified
INFO: [IP_Flow 19-2313] Loaded Vivado IP repository 'C:/Xilinx/Vivado/2018.2/data/ip'.
add_files: Time (s): cpu = 00:00:02 ; elapsed = 00:00:06 . Memory (MB): peak = 310.645 ; gain = 33.203
Command: link_design -top debayering_wrapper -part xc7z010clg400-1
Design is defaulting to srcset: sources_1
Design is defaulting to constrset: constrs_1
INFO: [Project 1-454] Reading design checkpoint 'c:/Users/mpres/Desktop/6th_exercise/6th_exercise/6th_exercise.srcs/sources_1/bd/debayering/ip/debayering_calc_part_0_0/debayering_calc_part_0_0.dcp' for cell 'debayering_i/calc_part_0'
INFO: [Project 1-454] Reading design checkpoint 'c:/Users/mpres/Desktop/6th_exercise/6th_exercise/6th_exercise.srcs/sources_1/bd/debayering/ip/debayering_fifo_generator_0_0/debayering_fifo_generator_0_0.dcp' for cell 'debayering_i/fifo_generator_0'
INFO: [Project 1-454] Reading design checkpoint 'c:/Users/mpres/Desktop/6th_exercise/6th_exercise/6th_exercise.srcs/sources_1/bd/debayering/ip/debayering_fifo_generator_0_1/debayering_fifo_generator_0_1.dcp' for cell 'debayering_i/fifo_generator_1'
INFO: [Project 1-454] Reading design checkpoint 'c:/Users/mpres/Desktop/6th_exercise/6th_exercise/6th_exercise.srcs/sources_1/bd/debayering/ip/debayering_fifo_generator_0_2/debayering_fifo_generator_0_2.dcp' for cell 'debayering_i/fifo_generator_2'
INFO: [Project 1-454] Reading design checkpoint 'c:/Users/mpres/Desktop/6th_exercise/6th_exercise/6th_exercise.srcs/sources_1/bd/debayering/ip/debayering_fsm_0_0/debayering_fsm_0_0.dcp' for cell 'debayering_i/fsm_0'
INFO: [Netlist 29-17] Analyzing 85 Unisim elements for replacement
INFO: [Netlist 29-28] Unisim Transformation completed in 0 CPU seconds
INFO: [Project 1-479] Netlist was created with Vivado 2018.2
INFO: [Device 21-403] Loading part xc7z010clg400-1
INFO: [Project 1-570] Preparing netlist for logic optimization
Parsing XDC File [c:/Users/mpres/Desktop/6th_exercise/6th_exercise/6th_exercise.srcs/sources_1/bd/debayering/ip/debayering_fifo_generator_0_0/debayering_fifo_generator_0_0.xdc] for cell 'debayering_i/fifo_generator_0/U0'
Finished Parsing XDC File [c:/Users/mpres/Desktop/6th_exercise/6th_exercise/6th_exercise.srcs/sources_1/bd/debayering/ip/debayering_fifo_generator_0_0/debayering_fifo_generator_0_0.xdc] for cell 'debayering_i/fifo_generator_0/U0'
Parsing XDC File [c:/Users/mpres/Desktop/6th_exercise/6th_exercise/6th_exercise.srcs/sources_1/bd/debayering/ip/debayering_fifo_generator_0_1/debayering_fifo_generator_0_1.xdc] for cell 'debayering_i/fifo_generator_1/U0'
Finished Parsing XDC File [c:/Users/mpres/Desktop/6th_exercise/6th_exercise/6th_exercise.srcs/sources_1/bd/debayering/ip/debayering_fifo_generator_0_1/debayering_fifo_generator_0_1.xdc] for cell 'debayering_i/fifo_generator_1/U0'
Parsing XDC File [c:/Users/mpres/Desktop/6th_exercise/6th_exercise/6th_exercise.srcs/sources_1/bd/debayering/ip/debayering_fifo_generator_0_2/debayering_fifo_generator_0_2.xdc] for cell 'debayering_i/fifo_generator_2/U0'
Finished Parsing XDC File [c:/Users/mpres/Desktop/6th_exercise/6th_exercise/6th_exercise.srcs/sources_1/bd/debayering/ip/debayering_fifo_generator_0_2/debayering_fifo_generator_0_2.xdc] for cell 'debayering_i/fifo_generator_2/U0'
INFO: [Opt 31-138] Pushed 0 inverter(s) to 0 load pin(s).
INFO: [Project 1-111] Unisim Transformation Summary:
No Unisim elements were transformed.

15 Infos, 0 Warnings, 0 Critical Warnings and 0 Errors encountered.
link_design completed successfully
link_design: Time (s): cpu = 00:00:08 ; elapsed = 00:00:10 . Memory (MB): peak = 635.355 ; gain = 324.711
Command: opt_design
Attempting to get a license for feature 'Implementation' and/or device 'xc7z010'
INFO: [Common 17-349] Got license for feature 'Implementation' and/or device 'xc7z010'
Running DRC as a precondition to command opt_design

Starting DRC Task
INFO: [DRC 23-27] Running DRC with 2 threads
INFO: [Project 1-461] DRC finished with 0 Errors
INFO: [Project 1-462] Please refer to the DRC report (report_drc) for more information.

Time (s): cpu = 00:00:01 ; elapsed = 00:00:00.773 . Memory (MB): peak = 649.051 ; gain = 13.695

Starting Cache Timing Information Task
INFO: [Timing 38-35] Done setting XDC timing constraints.
Ending Cache Timing Information Task | Checksum: 17a2dd8c0

Time (s): cpu = 00:00:11 ; elapsed = 00:00:13 . Memory (MB): peak = 1192.734 ; gain = 543.684

Starting Logic Optimization Task

Phase 1 Retarget
INFO: [Opt 31-138] Pushed 0 inverter(s) to 0 load pin(s).
INFO: [Opt 31-49] Retargeted 0 cell(s).
Phase 1 Retarget | Checksum: 17a2dd8c0

Time (s): cpu = 00:00:00 ; elapsed = 00:00:00.102 . Memory (MB): peak = 1192.734 ; gain = 0.000
INFO: [Opt 31-389] Phase Retarget created 0 cells and removed 0 cells

Phase 2 Constant propagation
INFO: [Opt 31-138] Pushed 0 inverter(s) to 0 load pin(s).
Phase 2 Constant propagation | Checksum: 17a2dd8c0

Time (s): cpu = 00:00:00 ; elapsed = 00:00:00.125 . Memory (MB): peak = 1192.734 ; gain = 0.000
INFO: [Opt 31-389] Phase Constant propagation created 0 cells and removed 0 cells

Phase 3 Sweep
Phase 3 Sweep | Checksum: 1871a5c3f

Time (s): cpu = 00:00:00 ; elapsed = 00:00:00.174 . Memory (MB): peak = 1192.734 ; gain = 0.000
INFO: [Opt 31-389] Phase Sweep created 0 cells and removed 0 cells

Phase 4 BUFG optimization
INFO: [Opt 31-194] Inserted BUFG clk_IBUF_BUFG_inst to drive 281 load(s) on clock net clk_IBUF_BUFG
INFO: [Opt 31-193] Inserted 1 BUFG(s) on clock nets
Phase 4 BUFG optimization | Checksum: d77228af

Time (s): cpu = 00:00:00 ; elapsed = 00:00:00.217 . Memory (MB): peak = 1192.734 ; gain = 0.000
INFO: [Opt 31-662] Phase BUFG optimization created 1 cells of which 1 are BUFGs and removed 0 cells.

Phase 5 Shift Register Optimization
Phase 5 Shift Register Optimization | Checksum: d8cc87ac

Time (s): cpu = 00:00:00 ; elapsed = 00:00:00.296 . Memory (MB): peak = 1192.734 ; gain = 0.000
INFO: [Opt 31-389] Phase Shift Register Optimization created 0 cells and removed 0 cells

Phase 6 Post Processing Netlist
Phase 6 Post Processing Netlist | Checksum: d8cc87ac

Time (s): cpu = 00:00:00 ; elapsed = 00:00:00.308 . Memory (MB): peak = 1192.734 ; gain = 0.000
INFO: [Opt 31-389] Phase Post Processing Netlist created 0 cells and removed 0 cells

Starting Connectivity Check Task

Time (s): cpu = 00:00:00 ; elapsed = 00:00:00.002 . Memory (MB): peak = 1192.734 ; gain = 0.000
Ending Logic Optimization Task | Checksum: d8cc87ac

Time (s): cpu = 00:00:00 ; elapsed = 00:00:00.318 . Memory (MB): peak = 1192.734 ; gain = 0.000

Starting Power Optimization Task
INFO: [Pwropt 34-132] Skipping clock gating for clocks with a period < 2.00 ns.
INFO: [Pwropt 34-9] Applying IDT optimizations ...
INFO: [Pwropt 34-10] Applying ODC optimizations ...
INFO: [Timing 38-35] Done setting XDC timing constraints.
INFO: [Physopt 32-619] Estimated Timing Summary | WNS=0.000 | TNS=0.000 |
WARNING: [Power 33-232] No user defined clocks were found in the design!
Resolution: Please specify clocks using create_clock/create_generated_clock for sequential elements. For pure combinatorial circuits, please specify a virtual clock, otherwise the vectorless estimation might be inaccurate
Running Vector-less Activity Propagation...

Finished Running Vector-less Activity Propagation


Starting PowerOpt Patch Enables Task
INFO: [Pwropt 34-162] WRITE_MODE attribute of 3 BRAM(s) out of a total of 3 has been updated to save power. Run report_power_opt to get a complete listing of the BRAMs updated.
INFO: [Pwropt 34-201] Structural ODC has moved 0 WE to EN ports
Number of BRAM Ports augmented: 0 newly gated: 0 Total Ports: 6
Ending PowerOpt Patch Enables Task | Checksum: d8cc87ac

Time (s): cpu = 00:00:00 ; elapsed = 00:00:00.018 . Memory (MB): peak = 1335.090 ; gain = 0.000
Ending Power Optimization Task | Checksum: d8cc87ac

Time (s): cpu = 00:00:02 ; elapsed = 00:00:01 . Memory (MB): peak = 1335.090 ; gain = 142.355

Starting Final Cleanup Task
Ending Final Cleanup Task | Checksum: d8cc87ac

Time (s): cpu = 00:00:00 ; elapsed = 00:00:00 . Memory (MB): peak = 1335.090 ; gain = 0.000
INFO: [Common 17-83] Releasing license: Implementation
39 Infos, 1 Warnings, 0 Critical Warnings and 0 Errors encountered.
opt_design completed successfully
opt_design: Time (s): cpu = 00:00:14 ; elapsed = 00:00:16 . Memory (MB): peak = 1335.090 ; gain = 699.734
INFO: [Timing 38-480] Writing timing data to binary archive.
INFO: [Common 17-1381] The checkpoint 'C:/Users/mpres/Desktop/6th_exercise/6th_exercise/6th_exercise.runs/impl_1/debayering_wrapper_opt.dcp' has been generated.
INFO: [runtcl-4] Executing : report_drc -file debayering_wrapper_drc_opted.rpt -pb debayering_wrapper_drc_opted.pb -rpx debayering_wrapper_drc_opted.rpx
Command: report_drc -file debayering_wrapper_drc_opted.rpt -pb debayering_wrapper_drc_opted.pb -rpx debayering_wrapper_drc_opted.rpx
INFO: [DRC 23-27] Running DRC with 2 threads
INFO: [Coretcl 2-168] The results of DRC are in file C:/Users/mpres/Desktop/6th_exercise/6th_exercise/6th_exercise.runs/impl_1/debayering_wrapper_drc_opted.rpt.
report_drc completed successfully
Command: place_design
Attempting to get a license for feature 'Implementation' and/or device 'xc7z010'
INFO: [Common 17-349] Got license for feature 'Implementation' and/or device 'xc7z010'
INFO: [DRC 23-27] Running DRC with 2 threads
INFO: [Vivado_Tcl 4-198] DRC finished with 0 Errors
INFO: [Vivado_Tcl 4-199] Please refer to the DRC report (report_drc) for more information.
Running DRC as a precondition to command place_design
INFO: [DRC 23-27] Running DRC with 2 threads
INFO: [Vivado_Tcl 4-198] DRC finished with 0 Errors
INFO: [Vivado_Tcl 4-199] Please refer to the DRC report (report_drc) for more information.

Starting Placer Task
INFO: [Place 30-611] Multithreading enabled for place_design using a maximum of 2 CPUs

Phase 1 Placer Initialization

Phase 1.1 Placer Initialization Netlist Sorting
Netlist sorting complete. Time (s): cpu = 00:00:00 ; elapsed = 00:00:00.002 . Memory (MB): peak = 1335.090 ; gain = 0.000
Phase 1.1 Placer Initialization Netlist Sorting | Checksum: 5942a1d0

Time (s): cpu = 00:00:00 ; elapsed = 00:00:00.026 . Memory (MB): peak = 1335.090 ; gain = 0.000
Netlist sorting complete. Time (s): cpu = 00:00:00 ; elapsed = 00:00:00.003 . Memory (MB): peak = 1335.090 ; gain = 0.000

Phase 1.2 IO Placement/ Clock Placement/ Build Placer Device
INFO: [Timing 38-35] Done setting XDC timing constraints.
Phase 1.2 IO Placement/ Clock Placement/ Build Placer Device | Checksum: 1b30b27c3

Time (s): cpu = 00:00:01 ; elapsed = 00:00:01 . Memory (MB): peak = 1335.090 ; gain = 0.000

Phase 1.3 Build Placer Netlist Model
Phase 1.3 Build Placer Netlist Model | Checksum: 25207cbc5

Time (s): cpu = 00:00:01 ; elapsed = 00:00:01 . Memory (MB): peak = 1335.090 ; gain = 0.000

Phase 1.4 Constrain Clocks/Macros
Phase 1.4 Constrain Clocks/Macros | Checksum: 25207cbc5

Time (s): cpu = 00:00:01 ; elapsed = 00:00:01 . Memory (MB): peak = 1335.090 ; gain = 0.000
Phase 1 Placer Initialization | Checksum: 25207cbc5

Time (s): cpu = 00:00:01 ; elapsed = 00:00:01 . Memory (MB): peak = 1335.090 ; gain = 0.000

Phase 2 Global Placement

Phase 2.1 Floorplanning
Phase 2.1 Floorplanning | Checksum: 25207cbc5

Time (s): cpu = 00:00:01 ; elapsed = 00:00:01 . Memory (MB): peak = 1335.090 ; gain = 0.000
WARNING: [Place 46-29] place_design is not in timing mode. Skip physical synthesis in placer
Phase 2 Global Placement | Checksum: 113e74aaa

Time (s): cpu = 00:00:05 ; elapsed = 00:00:03 . Memory (MB): peak = 1335.090 ; gain = 0.000

Phase 3 Detail Placement

Phase 3.1 Commit Multi Column Macros
Phase 3.1 Commit Multi Column Macros | Checksum: 113e74aaa

Time (s): cpu = 00:00:05 ; elapsed = 00:00:03 . Memory (MB): peak = 1335.090 ; gain = 0.000

Phase 3.2 Commit Most Macros & LUTRAMs
Phase 3.2 Commit Most Macros & LUTRAMs | Checksum: 26468058f

Time (s): cpu = 00:00:05 ; elapsed = 00:00:03 . Memory (MB): peak = 1335.090 ; gain = 0.000

Phase 3.3 Area Swap Optimization
Phase 3.3 Area Swap Optimization | Checksum: 24e6fb627

Time (s): cpu = 00:00:05 ; elapsed = 00:00:03 . Memory (MB): peak = 1335.090 ; gain = 0.000

Phase 3.4 Pipeline Register Optimization
Phase 3.4 Pipeline Register Optimization | Checksum: 24e6fb627

Time (s): cpu = 00:00:05 ; elapsed = 00:00:03 . Memory (MB): peak = 1335.090 ; gain = 0.000

Phase 3.5 Small Shape Detail Placement
Phase 3.5 Small Shape Detail Placement | Checksum: 17b8cf3a6

Time (s): cpu = 00:00:05 ; elapsed = 00:00:03 . Memory (MB): peak = 1335.090 ; gain = 0.000

Phase 3.6 Re-assign LUT pins
Phase 3.6 Re-assign LUT pins | Checksum: 17b8cf3a6

Time (s): cpu = 00:00:05 ; elapsed = 00:00:03 . Memory (MB): peak = 1335.090 ; gain = 0.000

Phase 3.7 Pipeline Register Optimization
Phase 3.7 Pipeline Register Optimization | Checksum: 17b8cf3a6

Time (s): cpu = 00:00:05 ; elapsed = 00:00:04 . Memory (MB): peak = 1335.090 ; gain = 0.000
Phase 3 Detail Placement | Checksum: 17b8cf3a6

Time (s): cpu = 00:00:05 ; elapsed = 00:00:04 . Memory (MB): peak = 1335.090 ; gain = 0.000

Phase 4 Post Placement Optimization and Clean-Up

Phase 4.1 Post Commit Optimization
Phase 4.1 Post Commit Optimization | Checksum: 17b8cf3a6

Time (s): cpu = 00:00:05 ; elapsed = 00:00:04 . Memory (MB): peak = 1335.090 ; gain = 0.000

Phase 4.2 Post Placement Cleanup
Phase 4.2 Post Placement Cleanup | Checksum: 17b8cf3a6

Time (s): cpu = 00:00:05 ; elapsed = 00:00:04 . Memory (MB): peak = 1335.090 ; gain = 0.000

Phase 4.3 Placer Reporting
Phase 4.3 Placer Reporting | Checksum: 17b8cf3a6

Time (s): cpu = 00:00:05 ; elapsed = 00:00:04 . Memory (MB): peak = 1335.090 ; gain = 0.000

Phase 4.4 Final Placement Cleanup
Phase 4.4 Final Placement Cleanup | Checksum: 10a8fc27c

Time (s): cpu = 00:00:05 ; elapsed = 00:00:04 . Memory (MB): peak = 1335.090 ; gain = 0.000
Phase 4 Post Placement Optimization and Clean-Up | Checksum: 10a8fc27c

Time (s): cpu = 00:00:05 ; elapsed = 00:00:04 . Memory (MB): peak = 1335.090 ; gain = 0.000
Ending Placer Task | Checksum: b23e3213

Time (s): cpu = 00:00:05 ; elapsed = 00:00:04 . Memory (MB): peak = 1335.090 ; gain = 0.000
INFO: [Common 17-83] Releasing license: Implementation
54 Infos, 2 Warnings, 0 Critical Warnings and 0 Errors encountered.
place_design completed successfully
INFO: [Timing 38-480] Writing timing data to binary archive.
Writing placer database...
Writing XDEF routing.
Writing XDEF routing logical nets.
Writing XDEF routing special nets.
Write XDEF Complete: Time (s): cpu = 00:00:01 ; elapsed = 00:00:00.180 . Memory (MB): peak = 1335.090 ; gain = 0.000
INFO: [Common 17-1381] The checkpoint 'C:/Users/mpres/Desktop/6th_exercise/6th_exercise/6th_exercise.runs/impl_1/debayering_wrapper_placed.dcp' has been generated.
INFO: [runtcl-4] Executing : report_io -file debayering_wrapper_io_placed.rpt
report_io: Time (s): cpu = 00:00:00 ; elapsed = 00:00:00.077 . Memory (MB): peak = 1335.090 ; gain = 0.000
INFO: [runtcl-4] Executing : report_utilization -file debayering_wrapper_utilization_placed.rpt -pb debayering_wrapper_utilization_placed.pb
report_utilization: Time (s): cpu = 00:00:00 ; elapsed = 00:00:00.051 . Memory (MB): peak = 1335.090 ; gain = 0.000
INFO: [runtcl-4] Executing : report_control_sets -verbose -file debayering_wrapper_control_sets_placed.rpt
report_control_sets: Time (s): cpu = 00:00:00 ; elapsed = 00:00:00.005 . Memory (MB): peak = 1335.090 ; gain = 0.000
Command: route_design
Attempting to get a license for feature 'Implementation' and/or device 'xc7z010'
INFO: [Common 17-349] Got license for feature 'Implementation' and/or device 'xc7z010'
Running DRC as a precondition to command route_design
INFO: [DRC 23-27] Running DRC with 2 threads
INFO: [Vivado_Tcl 4-198] DRC finished with 0 Errors
INFO: [Vivado_Tcl 4-199] Please refer to the DRC report (report_drc) for more information.


Starting Routing Task
INFO: [Route 35-254] Multithreading enabled for route_design using a maximum of 2 CPUs
Checksum: PlaceDB: 32a5c58a ConstDB: 0 ShapeSum: 7f986c89 RouteDB: 0

Phase 1 Build RT Design
Phase 1 Build RT Design | Checksum: 85e94e64

Time (s): cpu = 00:00:15 ; elapsed = 00:00:13 . Memory (MB): peak = 1335.090 ; gain = 0.000
Post Restoration Checksum: NetGraph: 30980b0f NumContArr: 55514355 Constraints: 0 Timing: 0

Phase 2 Router Initialization
INFO: [Route 35-64] No timing constraints were detected. The router will operate in resource-optimization mode.

Phase 2.1 Fix Topology Constraints
Phase 2.1 Fix Topology Constraints | Checksum: 85e94e64

Time (s): cpu = 00:00:15 ; elapsed = 00:00:13 . Memory (MB): peak = 1335.090 ; gain = 0.000

Phase 2.2 Pre Route Cleanup
Phase 2.2 Pre Route Cleanup | Checksum: 85e94e64

Time (s): cpu = 00:00:15 ; elapsed = 00:00:13 . Memory (MB): peak = 1335.090 ; gain = 0.000
 Number of Nodes with overlaps = 0
Phase 2 Router Initialization | Checksum: 157851251

Time (s): cpu = 00:00:15 ; elapsed = 00:00:13 . Memory (MB): peak = 1335.090 ; gain = 0.000

Phase 3 Initial Routing
Phase 3 Initial Routing | Checksum: b65e936d

Time (s): cpu = 00:00:15 ; elapsed = 00:00:13 . Memory (MB): peak = 1335.090 ; gain = 0.000

Phase 4 Rip-up And Reroute

Phase 4.1 Global Iteration 0
 Number of Nodes with overlaps = 42
 Number of Nodes with overlaps = 0
Phase 4.1 Global Iteration 0 | Checksum: 1aa4026e0

Time (s): cpu = 00:00:15 ; elapsed = 00:00:14 . Memory (MB): peak = 1335.090 ; gain = 0.000
Phase 4 Rip-up And Reroute | Checksum: 1aa4026e0

Time (s): cpu = 00:00:15 ; elapsed = 00:00:14 . Memory (MB): peak = 1335.090 ; gain = 0.000

Phase 5 Delay and Skew Optimization
Phase 5 Delay and Skew Optimization | Checksum: 1aa4026e0

Time (s): cpu = 00:00:15 ; elapsed = 00:00:14 . Memory (MB): peak = 1335.090 ; gain = 0.000

Phase 6 Post Hold Fix

Phase 6.1 Hold Fix Iter
Phase 6.1 Hold Fix Iter | Checksum: 1aa4026e0

Time (s): cpu = 00:00:15 ; elapsed = 00:00:14 . Memory (MB): peak = 1335.090 ; gain = 0.000
Phase 6 Post Hold Fix | Checksum: 1aa4026e0

Time (s): cpu = 00:00:15 ; elapsed = 00:00:14 . Memory (MB): peak = 1335.090 ; gain = 0.000

Phase 7 Route finalize

Router Utilization Summary
  Global Vertical Routing Utilization    = 0.238598 %
  Global Horizontal Routing Utilization  = 0.247013 %
  Routable Net Status*
  *Does not include unroutable nets such as driverless and loadless.
  Run report_route_status for detailed report.
  Number of Failed Nets               = 0
  Number of Unrouted Nets             = 0
  Number of Partially Routed Nets     = 0
  Number of Node Overlaps             = 0

Congestion Report
North Dir 1x1 Area, Max Cong = 30.6306%, No Congested Regions.
South Dir 1x1 Area, Max Cong = 19.8198%, No Congested Regions.
East Dir 1x1 Area, Max Cong = 41.1765%, No Congested Regions.
West Dir 1x1 Area, Max Cong = 32.3529%, No Congested Regions.

------------------------------
Reporting congestion hotspots
------------------------------
Direction: North
----------------
Congested clusters found at Level 0
Effective congestion level: 0 Aspect Ratio: 1 Sparse Ratio: 0
Direction: South
----------------
Congested clusters found at Level 0
Effective congestion level: 0 Aspect Ratio: 1 Sparse Ratio: 0
Direction: East
----------------
Congested clusters found at Level 0
Effective congestion level: 0 Aspect Ratio: 1 Sparse Ratio: 0
Direction: West
----------------
Congested clusters found at Level 0
Effective congestion level: 0 Aspect Ratio: 1 Sparse Ratio: 0

Phase 7 Route finalize | Checksum: 1aa4026e0

Time (s): cpu = 00:00:15 ; elapsed = 00:00:14 . Memory (MB): peak = 1335.090 ; gain = 0.000

Phase 8 Verifying routed nets

 Verification completed successfully
Phase 8 Verifying routed nets | Checksum: 1aa4026e0

Time (s): cpu = 00:00:15 ; elapsed = 00:00:14 . Memory (MB): peak = 1335.090 ; gain = 0.000

Phase 9 Depositing Routes
Phase 9 Depositing Routes | Checksum: 13c06650d

Time (s): cpu = 00:00:16 ; elapsed = 00:00:14 . Memory (MB): peak = 1335.090 ; gain = 0.000
INFO: [Route 35-16] Router Completed Successfully

Time (s): cpu = 00:00:16 ; elapsed = 00:00:14 . Memory (MB): peak = 1335.090 ; gain = 0.000

Routing Is Done.
INFO: [Common 17-83] Releasing license: Implementation
67 Infos, 2 Warnings, 0 Critical Warnings and 0 Errors encountered.
route_design completed successfully
route_design: Time (s): cpu = 00:00:18 ; elapsed = 00:00:15 . Memory (MB): peak = 1335.090 ; gain = 0.000
INFO: [Timing 38-480] Writing timing data to binary archive.
Writing placer database...
Writing XDEF routing.
Writing XDEF routing logical nets.
Writing XDEF routing special nets.
Write XDEF Complete: Time (s): cpu = 00:00:00 ; elapsed = 00:00:00.187 . Memory (MB): peak = 1335.090 ; gain = 0.000
INFO: [Common 17-1381] The checkpoint 'C:/Users/mpres/Desktop/6th_exercise/6th_exercise/6th_exercise.runs/impl_1/debayering_wrapper_routed.dcp' has been generated.
INFO: [runtcl-4] Executing : report_drc -file debayering_wrapper_drc_routed.rpt -pb debayering_wrapper_drc_routed.pb -rpx debayering_wrapper_drc_routed.rpx
Command: report_drc -file debayering_wrapper_drc_routed.rpt -pb debayering_wrapper_drc_routed.pb -rpx debayering_wrapper_drc_routed.rpx
INFO: [DRC 23-27] Running DRC with 2 threads
INFO: [Coretcl 2-168] The results of DRC are in file C:/Users/mpres/Desktop/6th_exercise/6th_exercise/6th_exercise.runs/impl_1/debayering_wrapper_drc_routed.rpt.
report_drc completed successfully
INFO: [runtcl-4] Executing : report_methodology -file debayering_wrapper_methodology_drc_routed.rpt -pb debayering_wrapper_methodology_drc_routed.pb -rpx debayering_wrapper_methodology_drc_routed.rpx
Command: report_methodology -file debayering_wrapper_methodology_drc_routed.rpt -pb debayering_wrapper_methodology_drc_routed.pb -rpx debayering_wrapper_methodology_drc_routed.rpx
INFO: [Timing 38-35] Done setting XDC timing constraints.
INFO: [Timing 38-35] Done setting XDC timing constraints.
INFO: [DRC 23-133] Running Methodology with 2 threads
INFO: [Coretcl 2-1520] The results of Report Methodology are in file C:/Users/mpres/Desktop/6th_exercise/6th_exercise/6th_exercise.runs/impl_1/debayering_wrapper_methodology_drc_routed.rpt.
report_methodology completed successfully
INFO: [runtcl-4] Executing : report_power -file debayering_wrapper_power_routed.rpt -pb debayering_wrapper_power_summary_routed.pb -rpx debayering_wrapper_power_routed.rpx
Command: report_power -file debayering_wrapper_power_routed.rpt -pb debayering_wrapper_power_summary_routed.pb -rpx debayering_wrapper_power_routed.rpx
WARNING: [Power 33-232] No user defined clocks were found in the design!
Resolution: Please specify clocks using create_clock/create_generated_clock for sequential elements. For pure combinatorial circuits, please specify a virtual clock, otherwise the vectorless estimation might be inaccurate
INFO: [Timing 38-35] Done setting XDC timing constraints.
Running Vector-less Activity Propagation...

Finished Running Vector-less Activity Propagation
79 Infos, 3 Warnings, 0 Critical Warnings and 0 Errors encountered.
report_power completed successfully
INFO: [runtcl-4] Executing : report_route_status -file debayering_wrapper_route_status.rpt -pb debayering_wrapper_route_status.pb
INFO: [runtcl-4] Executing : report_timing_summary -max_paths 10 -file debayering_wrapper_timing_summary_routed.rpt -pb debayering_wrapper_timing_summary_routed.pb -rpx debayering_wrapper_timing_summary_routed.rpx -warn_on_violation 
INFO: [Timing 38-91] UpdateTimingParams: Speed grade: -1, Delay Type: min_max, Timing Stage: Requireds.
INFO: [Timing 38-191] Multithreading enabled for timing update using a maximum of 2 CPUs
WARNING: [Timing 38-313] There are no user specified timing constraints. Timing constraints are needed for proper timing analysis.
INFO: [runtcl-4] Executing : report_incremental_reuse -file debayering_wrapper_incremental_reuse_routed.rpt
INFO: [Vivado_Tcl 4-545] No incremental reuse to report, no incremental placement and routing data was found.
INFO: [runtcl-4] Executing : report_clock_utilization -file debayering_wrapper_clock_utilization_routed.rpt
INFO: [runtcl-4] Executing : report_bus_skew -warn_on_violation -file debayering_wrapper_bus_skew_routed.rpt -pb debayering_wrapper_bus_skew_routed.pb -rpx debayering_wrapper_bus_skew_routed.rpx
INFO: [Timing 38-91] UpdateTimingParams: Speed grade: -1, Delay Type: min_max, Timing Stage: Requireds.
INFO: [Timing 38-191] Multithreading enabled for timing update using a maximum of 2 CPUs
INFO: [Common 17-206] Exiting Vivado at Wed May 31 08:21:11 2023...
