
*** Running vivado
    with args -log fpga_fir_sup_ip_0_1.vds -m64 -product Vivado -mode batch -messageDb vivado.pb -notrace -source fpga_fir_sup_ip_0_1.tcl


****** Vivado v2018.2 (64-bit)
  **** SW Build 2258646 on Thu Jun 14 20:03:12 MDT 2018
  **** IP Build 2256618 on Thu Jun 14 22:10:49 MDT 2018
    ** Copyright 1986-2018 Xilinx, Inc. All Rights Reserved.

source fpga_fir_sup_ip_0_1.tcl -notrace
Command: synth_design -top fpga_fir_sup_ip_0_1 -part xc7z010clg400-1 -mode out_of_context
Starting synth_design
Attempting to get a license for feature 'Synthesis' and/or device 'xc7z010'
INFO: [Common 17-349] Got license for feature 'Synthesis' and/or device 'xc7z010'
INFO: Launching helper process for spawning children vivado processes
INFO: Helper process launched with PID 11696 
---------------------------------------------------------------------------------
Starting RTL Elaboration : Time (s): cpu = 00:00:06 ; elapsed = 00:00:06 . Memory (MB): peak = 477.918 ; gain = 94.492
---------------------------------------------------------------------------------
INFO: [Synth 8-638] synthesizing module 'fpga_fir_sup_ip_0_1' [c:/Xilinx/Vivado/2018.2/layouts/workspace/5th_exercise/fir_in_fpga/fir_in_fpga.srcs/sources_1/bd/fpga/ip/fpga_fir_sup_ip_0_1/synth/fpga_fir_sup_ip_0_1.vhd:82]
	Parameter C_S00_AXI_DATA_WIDTH bound to: 32 - type: integer 
	Parameter C_S00_AXI_ADDR_WIDTH bound to: 5 - type: integer 
INFO: [Synth 8-3491] module 'fir_sup_ip_v1_0' declared at 'c:/Xilinx/Vivado/2018.2/layouts/workspace/5th_exercise/fir_in_fpga/fir_in_fpga.srcs/sources_1/bd/fpga/ipshared/a831/hdl/fir_sup_ip_v1_0.vhd:5' bound to instance 'U0' of component 'fir_sup_ip_v1_0' [c:/Xilinx/Vivado/2018.2/layouts/workspace/5th_exercise/fir_in_fpga/fir_in_fpga.srcs/sources_1/bd/fpga/ip/fpga_fir_sup_ip_0_1/synth/fpga_fir_sup_ip_0_1.vhd:148]
INFO: [Synth 8-638] synthesizing module 'fir_sup_ip_v1_0' [c:/Xilinx/Vivado/2018.2/layouts/workspace/5th_exercise/fir_in_fpga/fir_in_fpga.srcs/sources_1/bd/fpga/ipshared/a831/hdl/fir_sup_ip_v1_0.vhd:49]
	Parameter C_S00_AXI_DATA_WIDTH bound to: 32 - type: integer 
	Parameter C_S00_AXI_ADDR_WIDTH bound to: 5 - type: integer 
	Parameter C_S_AXI_DATA_WIDTH bound to: 32 - type: integer 
	Parameter C_S_AXI_ADDR_WIDTH bound to: 5 - type: integer 
INFO: [Synth 8-3491] module 'fir_sup_ip_v1_0_S00_AXI' declared at 'c:/Xilinx/Vivado/2018.2/layouts/workspace/5th_exercise/fir_in_fpga/fir_in_fpga.srcs/sources_1/bd/fpga/ipshared/a831/hdl/fir_sup_ip_v1_0_S00_AXI.vhd:5' bound to instance 'fir_sup_ip_v1_0_S00_AXI_inst' of component 'fir_sup_ip_v1_0_S00_AXI' [c:/Xilinx/Vivado/2018.2/layouts/workspace/5th_exercise/fir_in_fpga/fir_in_fpga.srcs/sources_1/bd/fpga/ipshared/a831/hdl/fir_sup_ip_v1_0.vhd:85]
INFO: [Synth 8-638] synthesizing module 'fir_sup_ip_v1_0_S00_AXI' [c:/Xilinx/Vivado/2018.2/layouts/workspace/5th_exercise/fir_in_fpga/fir_in_fpga.srcs/sources_1/bd/fpga/ipshared/a831/hdl/fir_sup_ip_v1_0_S00_AXI.vhd:86]
	Parameter C_S_AXI_DATA_WIDTH bound to: 32 - type: integer 
	Parameter C_S_AXI_ADDR_WIDTH bound to: 5 - type: integer 
INFO: [Synth 8-226] default block is never used [c:/Xilinx/Vivado/2018.2/layouts/workspace/5th_exercise/fir_in_fpga/fir_in_fpga.srcs/sources_1/bd/fpga/ipshared/a831/hdl/fir_sup_ip_v1_0_S00_AXI.vhd:244]
INFO: [Synth 8-226] default block is never used [c:/Xilinx/Vivado/2018.2/layouts/workspace/5th_exercise/fir_in_fpga/fir_in_fpga.srcs/sources_1/bd/fpga/ipshared/a831/hdl/fir_sup_ip_v1_0_S00_AXI.vhd:411]
	Parameter data_width bound to: 8 - type: integer 
INFO: [Synth 8-3491] module 'fir_filter' declared at 'c:/Xilinx/Vivado/2018.2/layouts/workspace/5th_exercise/fir_in_fpga/fir_in_fpga.srcs/sources_1/bd/fpga/ipshared/a831/src/fir_filter.vhd:5' bound to instance 'fir' of component 'fir_filter' [c:/Xilinx/Vivado/2018.2/layouts/workspace/5th_exercise/fir_in_fpga/fir_in_fpga.srcs/sources_1/bd/fpga/ipshared/a831/hdl/fir_sup_ip_v1_0_S00_AXI.vhd:453]
INFO: [Synth 8-638] synthesizing module 'fir_filter' [c:/Xilinx/Vivado/2018.2/layouts/workspace/5th_exercise/fir_in_fpga/fir_in_fpga.srcs/sources_1/bd/fpga/ipshared/a831/src/fir_filter.vhd:17]
	Parameter data_width bound to: 8 - type: integer 
	Parameter data_width bound to: 8 - type: integer 
INFO: [Synth 8-3491] module 'control_unit' declared at 'c:/Xilinx/Vivado/2018.2/layouts/workspace/5th_exercise/fir_in_fpga/fir_in_fpga.srcs/sources_1/bd/fpga/ipshared/a831/src/control_unit.vhd:5' bound to instance 'cu' of component 'control_unit' [c:/Xilinx/Vivado/2018.2/layouts/workspace/5th_exercise/fir_in_fpga/fir_in_fpga.srcs/sources_1/bd/fpga/ipshared/a831/src/fir_filter.vhd:76]
INFO: [Synth 8-638] synthesizing module 'control_unit' [c:/Xilinx/Vivado/2018.2/layouts/workspace/5th_exercise/fir_in_fpga/fir_in_fpga.srcs/sources_1/bd/fpga/ipshared/a831/src/control_unit.vhd:16]
	Parameter data_width bound to: 8 - type: integer 
WARNING: [Synth 8-614] signal 'last' is read in the process but is not in the sensitivity list [c:/Xilinx/Vivado/2018.2/layouts/workspace/5th_exercise/fir_in_fpga/fir_in_fpga.srcs/sources_1/bd/fpga/ipshared/a831/src/control_unit.vhd:26]
INFO: [Synth 8-256] done synthesizing module 'control_unit' (1#1) [c:/Xilinx/Vivado/2018.2/layouts/workspace/5th_exercise/fir_in_fpga/fir_in_fpga.srcs/sources_1/bd/fpga/ipshared/a831/src/control_unit.vhd:16]
	Parameter data_width bound to: 8 - type: integer 
INFO: [Synth 8-3491] module 'mlab_ram' declared at 'c:/Xilinx/Vivado/2018.2/layouts/workspace/5th_exercise/fir_in_fpga/fir_in_fpga.srcs/sources_1/bd/fpga/ipshared/a831/src/ram.vhd:5' bound to instance 'ram' of component 'mlab_ram' [c:/Xilinx/Vivado/2018.2/layouts/workspace/5th_exercise/fir_in_fpga/fir_in_fpga.srcs/sources_1/bd/fpga/ipshared/a831/src/fir_filter.vhd:89]
INFO: [Synth 8-638] synthesizing module 'mlab_ram' [c:/Xilinx/Vivado/2018.2/layouts/workspace/5th_exercise/fir_in_fpga/fir_in_fpga.srcs/sources_1/bd/fpga/ipshared/a831/src/ram.vhd:18]
	Parameter data_width bound to: 8 - type: integer 
INFO: [Synth 8-256] done synthesizing module 'mlab_ram' (2#1) [c:/Xilinx/Vivado/2018.2/layouts/workspace/5th_exercise/fir_in_fpga/fir_in_fpga.srcs/sources_1/bd/fpga/ipshared/a831/src/ram.vhd:18]
	Parameter coeff_width bound to: 8 - type: integer 
INFO: [Synth 8-3491] module 'mlab_rom' declared at 'c:/Xilinx/Vivado/2018.2/layouts/workspace/5th_exercise/fir_in_fpga/fir_in_fpga.srcs/sources_1/bd/fpga/ipshared/a831/src/rom.vhd:6' bound to instance 'rom' of component 'mlab_rom' [c:/Xilinx/Vivado/2018.2/layouts/workspace/5th_exercise/fir_in_fpga/fir_in_fpga.srcs/sources_1/bd/fpga/ipshared/a831/src/fir_filter.vhd:98]
INFO: [Synth 8-638] synthesizing module 'mlab_rom' [c:/Xilinx/Vivado/2018.2/layouts/workspace/5th_exercise/fir_in_fpga/fir_in_fpga.srcs/sources_1/bd/fpga/ipshared/a831/src/rom.vhd:17]
	Parameter coeff_width bound to: 8 - type: integer 
INFO: [Synth 8-256] done synthesizing module 'mlab_rom' (3#1) [c:/Xilinx/Vivado/2018.2/layouts/workspace/5th_exercise/fir_in_fpga/fir_in_fpga.srcs/sources_1/bd/fpga/ipshared/a831/src/rom.vhd:17]
	Parameter data_width bound to: 8 - type: integer 
INFO: [Synth 8-3491] module 'mac' declared at 'c:/Xilinx/Vivado/2018.2/layouts/workspace/5th_exercise/fir_in_fpga/fir_in_fpga.srcs/sources_1/bd/fpga/ipshared/a831/src/mac.vhd:7' bound to instance 'mac_comp' of component 'mac' [c:/Xilinx/Vivado/2018.2/layouts/workspace/5th_exercise/fir_in_fpga/fir_in_fpga.srcs/sources_1/bd/fpga/ipshared/a831/src/fir_filter.vhd:105]
INFO: [Synth 8-638] synthesizing module 'mac' [c:/Xilinx/Vivado/2018.2/layouts/workspace/5th_exercise/fir_in_fpga/fir_in_fpga.srcs/sources_1/bd/fpga/ipshared/a831/src/mac.vhd:19]
	Parameter data_width bound to: 8 - type: integer 
WARNING: [Synth 8-614] signal 'rom_out' is read in the process but is not in the sensitivity list [c:/Xilinx/Vivado/2018.2/layouts/workspace/5th_exercise/fir_in_fpga/fir_in_fpga.srcs/sources_1/bd/fpga/ipshared/a831/src/mac.vhd:29]
WARNING: [Synth 8-614] signal 'ram_out' is read in the process but is not in the sensitivity list [c:/Xilinx/Vivado/2018.2/layouts/workspace/5th_exercise/fir_in_fpga/fir_in_fpga.srcs/sources_1/bd/fpga/ipshared/a831/src/mac.vhd:29]
INFO: [Synth 8-256] done synthesizing module 'mac' (4#1) [c:/Xilinx/Vivado/2018.2/layouts/workspace/5th_exercise/fir_in_fpga/fir_in_fpga.srcs/sources_1/bd/fpga/ipshared/a831/src/mac.vhd:19]
INFO: [Synth 8-256] done synthesizing module 'fir_filter' (5#1) [c:/Xilinx/Vivado/2018.2/layouts/workspace/5th_exercise/fir_in_fpga/fir_in_fpga.srcs/sources_1/bd/fpga/ipshared/a831/src/fir_filter.vhd:17]
WARNING: [Synth 8-6014] Unused sequential element loc_addr_reg was removed.  [c:/Xilinx/Vivado/2018.2/layouts/workspace/5th_exercise/fir_in_fpga/fir_in_fpga.srcs/sources_1/bd/fpga/ipshared/a831/hdl/fir_sup_ip_v1_0_S00_AXI.vhd:242]
INFO: [Synth 8-256] done synthesizing module 'fir_sup_ip_v1_0_S00_AXI' (6#1) [c:/Xilinx/Vivado/2018.2/layouts/workspace/5th_exercise/fir_in_fpga/fir_in_fpga.srcs/sources_1/bd/fpga/ipshared/a831/hdl/fir_sup_ip_v1_0_S00_AXI.vhd:86]
INFO: [Synth 8-256] done synthesizing module 'fir_sup_ip_v1_0' (7#1) [c:/Xilinx/Vivado/2018.2/layouts/workspace/5th_exercise/fir_in_fpga/fir_in_fpga.srcs/sources_1/bd/fpga/ipshared/a831/hdl/fir_sup_ip_v1_0.vhd:49]
INFO: [Synth 8-256] done synthesizing module 'fpga_fir_sup_ip_0_1' (8#1) [c:/Xilinx/Vivado/2018.2/layouts/workspace/5th_exercise/fir_in_fpga/fir_in_fpga.srcs/sources_1/bd/fpga/ip/fpga_fir_sup_ip_0_1/synth/fpga_fir_sup_ip_0_1.vhd:82]
WARNING: [Synth 8-3331] design fir_sup_ip_v1_0_S00_AXI has unconnected port S_AXI_AWPROT[2]
WARNING: [Synth 8-3331] design fir_sup_ip_v1_0_S00_AXI has unconnected port S_AXI_AWPROT[1]
WARNING: [Synth 8-3331] design fir_sup_ip_v1_0_S00_AXI has unconnected port S_AXI_AWPROT[0]
WARNING: [Synth 8-3331] design fir_sup_ip_v1_0_S00_AXI has unconnected port S_AXI_ARPROT[2]
WARNING: [Synth 8-3331] design fir_sup_ip_v1_0_S00_AXI has unconnected port S_AXI_ARPROT[1]
WARNING: [Synth 8-3331] design fir_sup_ip_v1_0_S00_AXI has unconnected port S_AXI_ARPROT[0]
---------------------------------------------------------------------------------
Finished RTL Elaboration : Time (s): cpu = 00:00:08 ; elapsed = 00:00:09 . Memory (MB): peak = 533.855 ; gain = 150.430
---------------------------------------------------------------------------------

Report Check Netlist: 
+------+------------------+-------+---------+-------+------------------+
|      |Item              |Errors |Warnings |Status |Description       |
+------+------------------+-------+---------+-------+------------------+
|1     |multi_driven_nets |      0|        0|Passed |Multi driven nets |
+------+------------------+-------+---------+-------+------------------+
---------------------------------------------------------------------------------
Start Handling Custom Attributes
---------------------------------------------------------------------------------
---------------------------------------------------------------------------------
Finished Handling Custom Attributes : Time (s): cpu = 00:00:08 ; elapsed = 00:00:10 . Memory (MB): peak = 533.855 ; gain = 150.430
---------------------------------------------------------------------------------
---------------------------------------------------------------------------------
Finished RTL Optimization Phase 1 : Time (s): cpu = 00:00:08 ; elapsed = 00:00:10 . Memory (MB): peak = 533.855 ; gain = 150.430
---------------------------------------------------------------------------------
INFO: [Device 21-403] Loading part xc7z010clg400-1
INFO: [Project 1-570] Preparing netlist for logic optimization

Processing XDC Constraints
Initializing timing engine
Completed Processing XDC Constraints

INFO: [Project 1-111] Unisim Transformation Summary:
No Unisim elements were transformed.

WARNING: [Constraints 18-5210] No constraint will be written out.
Constraint Validation Runtime : Time (s): cpu = 00:00:01 ; elapsed = 00:00:00.194 . Memory (MB): peak = 846.449 ; gain = 3.418
---------------------------------------------------------------------------------
Finished Constraint Validation : Time (s): cpu = 00:00:28 ; elapsed = 00:00:36 . Memory (MB): peak = 846.449 ; gain = 463.023
---------------------------------------------------------------------------------
---------------------------------------------------------------------------------
Start Loading Part and Timing Information
---------------------------------------------------------------------------------
Loading part: xc7z010clg400-1
---------------------------------------------------------------------------------
Finished Loading Part and Timing Information : Time (s): cpu = 00:00:28 ; elapsed = 00:00:36 . Memory (MB): peak = 846.449 ; gain = 463.023
---------------------------------------------------------------------------------
---------------------------------------------------------------------------------
Start Applying 'set_property' XDC Constraints
---------------------------------------------------------------------------------
---------------------------------------------------------------------------------
Finished applying 'set_property' XDC Constraints : Time (s): cpu = 00:00:28 ; elapsed = 00:00:36 . Memory (MB): peak = 846.449 ; gain = 463.023
---------------------------------------------------------------------------------
INFO: [Synth 8-5544] ROM "rom" won't be mapped to Block RAM because address size (3) smaller than threshold (5)
---------------------------------------------------------------------------------
Finished RTL Optimization Phase 2 : Time (s): cpu = 00:00:29 ; elapsed = 00:00:38 . Memory (MB): peak = 846.449 ; gain = 463.023
---------------------------------------------------------------------------------

Report RTL Partitions: 
+-+--------------+------------+----------+
| |RTL Partition |Replication |Instances |
+-+--------------+------------+----------+
+-+--------------+------------+----------+
---------------------------------------------------------------------------------
Start RTL Component Statistics 
---------------------------------------------------------------------------------
Detailed RTL Component Info : 
+---Adders : 
	   2 Input      5 Bit       Adders := 1     
	   2 Input      4 Bit       Adders := 2     
	   3 Input      3 Bit       Adders := 1     
	   2 Input      3 Bit       Adders := 2     
+---Registers : 
	               32 Bit    Registers := 9     
	               19 Bit    Registers := 2     
	                8 Bit    Registers := 2     
	                5 Bit    Registers := 2     
	                4 Bit    Registers := 2     
	                3 Bit    Registers := 2     
	                2 Bit    Registers := 2     
	                1 Bit    Registers := 9     
+---RAMs : 
	               64 Bit         RAMs := 1     
+---Muxes : 
	   2 Input     32 Bit        Muxes := 9     
	   8 Input     32 Bit        Muxes := 8     
	   2 Input     20 Bit        Muxes := 3     
	   2 Input     19 Bit        Muxes := 2     
	   2 Input      8 Bit        Muxes := 1     
	   9 Input      8 Bit        Muxes := 1     
	   2 Input      4 Bit        Muxes := 1     
	   2 Input      3 Bit        Muxes := 6     
	   2 Input      1 Bit        Muxes := 13    
---------------------------------------------------------------------------------
Finished RTL Component Statistics 
---------------------------------------------------------------------------------
---------------------------------------------------------------------------------
Start RTL Hierarchical Component Statistics 
---------------------------------------------------------------------------------
Hierarchical RTL Component report 
Module control_unit 
Detailed RTL Component Info : 
+---Adders : 
	   2 Input      5 Bit       Adders := 1     
	   2 Input      4 Bit       Adders := 2     
	   3 Input      3 Bit       Adders := 1     
	   2 Input      3 Bit       Adders := 2     
+---Registers : 
	                4 Bit    Registers := 2     
	                3 Bit    Registers := 2     
	                1 Bit    Registers := 3     
+---Muxes : 
	   2 Input      4 Bit        Muxes := 1     
	   2 Input      3 Bit        Muxes := 6     
	   2 Input      1 Bit        Muxes := 8     
Module mlab_ram 
Detailed RTL Component Info : 
+---Registers : 
	                8 Bit    Registers := 1     
+---RAMs : 
	               64 Bit         RAMs := 1     
+---Muxes : 
	   2 Input      8 Bit        Muxes := 1     
Module mlab_rom 
Detailed RTL Component Info : 
+---Registers : 
	                8 Bit    Registers := 1     
+---Muxes : 
	   9 Input      8 Bit        Muxes := 1     
Module mac 
Detailed RTL Component Info : 
+---Registers : 
	               19 Bit    Registers := 1     
+---Muxes : 
	   2 Input     19 Bit        Muxes := 2     
Module fir_filter 
Detailed RTL Component Info : 
+---Registers : 
	               19 Bit    Registers := 1     
Module fir_sup_ip_v1_0_S00_AXI 
Detailed RTL Component Info : 
+---Registers : 
	               32 Bit    Registers := 9     
	                5 Bit    Registers := 2     
	                2 Bit    Registers := 2     
	                1 Bit    Registers := 6     
+---Muxes : 
	   2 Input     32 Bit        Muxes := 9     
	   8 Input     32 Bit        Muxes := 8     
	   2 Input     20 Bit        Muxes := 3     
	   2 Input      1 Bit        Muxes := 5     
---------------------------------------------------------------------------------
Finished RTL Hierarchical Component Statistics
---------------------------------------------------------------------------------
---------------------------------------------------------------------------------
Start Part Resource Summary
---------------------------------------------------------------------------------
Part Resources:
DSPs: 80 (col length:40)
BRAMs: 120 (col length: RAMB18 40 RAMB36 20)
---------------------------------------------------------------------------------
Finished Part Resource Summary
---------------------------------------------------------------------------------
---------------------------------------------------------------------------------
Start Cross Boundary and Area Optimization
---------------------------------------------------------------------------------
Warning: Parallel synthesis criteria is not met 
WARNING: [Synth 8-3331] design fpga_fir_sup_ip_0_1 has unconnected port s00_axi_awprot[2]
WARNING: [Synth 8-3331] design fpga_fir_sup_ip_0_1 has unconnected port s00_axi_awprot[1]
WARNING: [Synth 8-3331] design fpga_fir_sup_ip_0_1 has unconnected port s00_axi_awprot[0]
WARNING: [Synth 8-3331] design fpga_fir_sup_ip_0_1 has unconnected port s00_axi_arprot[2]
WARNING: [Synth 8-3331] design fpga_fir_sup_ip_0_1 has unconnected port s00_axi_arprot[1]
WARNING: [Synth 8-3331] design fpga_fir_sup_ip_0_1 has unconnected port s00_axi_arprot[0]
INFO: [Synth 8-3333] propagating constant 1 across sequential element (\U0/fir_sup_ip_v1_0_S00_AXI_inst/aw_en_reg )
INFO: [Synth 8-3886] merging instance 'U0/fir_sup_ip_v1_0_S00_AXI_inst/axi_rresp_reg[0]' (FDRE) to 'U0/fir_sup_ip_v1_0_S00_AXI_inst/axi_rresp_reg[1]'
INFO: [Synth 8-3333] propagating constant 0 across sequential element (\U0/fir_sup_ip_v1_0_S00_AXI_inst/axi_rresp_reg[1] )
INFO: [Synth 8-3886] merging instance 'U0/fir_sup_ip_v1_0_S00_AXI_inst/axi_bresp_reg[0]' (FDRE) to 'U0/fir_sup_ip_v1_0_S00_AXI_inst/axi_bresp_reg[1]'
INFO: [Synth 8-3333] propagating constant 0 across sequential element (\U0/fir_sup_ip_v1_0_S00_AXI_inst/axi_bresp_reg[1] )
INFO: [Synth 8-3332] Sequential element (U0/fir_sup_ip_v1_0_S00_AXI_inst/axi_awaddr_reg[1]) is unused and will be removed from module fpga_fir_sup_ip_0_1.
INFO: [Synth 8-3332] Sequential element (U0/fir_sup_ip_v1_0_S00_AXI_inst/axi_awaddr_reg[0]) is unused and will be removed from module fpga_fir_sup_ip_0_1.
INFO: [Synth 8-3332] Sequential element (U0/fir_sup_ip_v1_0_S00_AXI_inst/aw_en_reg) is unused and will be removed from module fpga_fir_sup_ip_0_1.
INFO: [Synth 8-3332] Sequential element (U0/fir_sup_ip_v1_0_S00_AXI_inst/axi_bresp_reg[1]) is unused and will be removed from module fpga_fir_sup_ip_0_1.
INFO: [Synth 8-3332] Sequential element (U0/fir_sup_ip_v1_0_S00_AXI_inst/axi_araddr_reg[1]) is unused and will be removed from module fpga_fir_sup_ip_0_1.
INFO: [Synth 8-3332] Sequential element (U0/fir_sup_ip_v1_0_S00_AXI_inst/axi_araddr_reg[0]) is unused and will be removed from module fpga_fir_sup_ip_0_1.
INFO: [Synth 8-3332] Sequential element (U0/fir_sup_ip_v1_0_S00_AXI_inst/axi_rresp_reg[1]) is unused and will be removed from module fpga_fir_sup_ip_0_1.
---------------------------------------------------------------------------------
Finished Cross Boundary and Area Optimization : Time (s): cpu = 00:00:33 ; elapsed = 00:00:42 . Memory (MB): peak = 846.449 ; gain = 463.023
---------------------------------------------------------------------------------
---------------------------------------------------------------------------------
Start ROM, RAM, DSP and Shift Register Reporting
---------------------------------------------------------------------------------

Distributed RAM: Preliminary Mapping  Report (see note below)
+--------------------+-------------------------------------------------+-----------+----------------------+----------------+
|Module Name         | RTL Object                                      | Inference | Size (Depth x Width) | Primitives     | 
+--------------------+-------------------------------------------------+-----------+----------------------+----------------+
|fpga_fir_sup_ip_0_1 | U0/fir_sup_ip_v1_0_S00_AXI_inst/fir/ram/RAM_reg | Implied   | 8 x 8                | RAM16X1S x 8   | 
+--------------------+-------------------------------------------------+-----------+----------------------+----------------+

Note: The table above is a preliminary report that shows the Distributed RAMs at the current stage of the synthesis flow. Some Distributed RAMs may be reimplemented as non Distributed RAM primitives later in the synthesis flow. Multiple instantiated RAMs are reported only once.
---------------------------------------------------------------------------------
Finished ROM, RAM, DSP and Shift Register Reporting
---------------------------------------------------------------------------------

Report RTL Partitions: 
+-+--------------+------------+----------+
| |RTL Partition |Replication |Instances |
+-+--------------+------------+----------+
+-+--------------+------------+----------+
---------------------------------------------------------------------------------
Start Applying XDC Timing Constraints
---------------------------------------------------------------------------------
---------------------------------------------------------------------------------
Finished Applying XDC Timing Constraints : Time (s): cpu = 00:00:57 ; elapsed = 00:01:09 . Memory (MB): peak = 862.391 ; gain = 478.965
---------------------------------------------------------------------------------
---------------------------------------------------------------------------------
Start Timing Optimization
---------------------------------------------------------------------------------
---------------------------------------------------------------------------------
Finished Timing Optimization : Time (s): cpu = 00:00:57 ; elapsed = 00:01:09 . Memory (MB): peak = 862.762 ; gain = 479.336
---------------------------------------------------------------------------------
---------------------------------------------------------------------------------
Start ROM, RAM, DSP and Shift Register Reporting
---------------------------------------------------------------------------------

Distributed RAM: Final Mapping  Report
+--------------------+-------------------------------------------------+-----------+----------------------+----------------+
|Module Name         | RTL Object                                      | Inference | Size (Depth x Width) | Primitives     | 
+--------------------+-------------------------------------------------+-----------+----------------------+----------------+
|fpga_fir_sup_ip_0_1 | U0/fir_sup_ip_v1_0_S00_AXI_inst/fir/ram/RAM_reg | Implied   | 8 x 8                | RAM16X1S x 8   | 
+--------------------+-------------------------------------------------+-----------+----------------------+----------------+

---------------------------------------------------------------------------------
Finished ROM, RAM, DSP and Shift Register Reporting
---------------------------------------------------------------------------------

Report RTL Partitions: 
+-+--------------+------------+----------+
| |RTL Partition |Replication |Instances |
+-+--------------+------------+----------+
+-+--------------+------------+----------+
---------------------------------------------------------------------------------
Start Technology Mapping
---------------------------------------------------------------------------------
---------------------------------------------------------------------------------
Finished Technology Mapping : Time (s): cpu = 00:00:57 ; elapsed = 00:01:09 . Memory (MB): peak = 884.746 ; gain = 501.320
---------------------------------------------------------------------------------

Report RTL Partitions: 
+-+--------------+------------+----------+
| |RTL Partition |Replication |Instances |
+-+--------------+------------+----------+
+-+--------------+------------+----------+
---------------------------------------------------------------------------------
Start IO Insertion
---------------------------------------------------------------------------------
---------------------------------------------------------------------------------
Start Flattening Before IO Insertion
---------------------------------------------------------------------------------
---------------------------------------------------------------------------------
Finished Flattening Before IO Insertion
---------------------------------------------------------------------------------
---------------------------------------------------------------------------------
Start Final Netlist Cleanup
---------------------------------------------------------------------------------
---------------------------------------------------------------------------------
Finished Final Netlist Cleanup
---------------------------------------------------------------------------------
---------------------------------------------------------------------------------
Finished IO Insertion : Time (s): cpu = 00:01:00 ; elapsed = 00:01:12 . Memory (MB): peak = 884.746 ; gain = 501.320
---------------------------------------------------------------------------------

Report Check Netlist: 
+------+------------------+-------+---------+-------+------------------+
|      |Item              |Errors |Warnings |Status |Description       |
+------+------------------+-------+---------+-------+------------------+
|1     |multi_driven_nets |      0|        0|Passed |Multi driven nets |
+------+------------------+-------+---------+-------+------------------+
---------------------------------------------------------------------------------
Start Renaming Generated Instances
---------------------------------------------------------------------------------
---------------------------------------------------------------------------------
Finished Renaming Generated Instances : Time (s): cpu = 00:01:00 ; elapsed = 00:01:12 . Memory (MB): peak = 884.746 ; gain = 501.320
---------------------------------------------------------------------------------

Report RTL Partitions: 
+-+--------------+------------+----------+
| |RTL Partition |Replication |Instances |
+-+--------------+------------+----------+
+-+--------------+------------+----------+
---------------------------------------------------------------------------------
Start Rebuilding User Hierarchy
---------------------------------------------------------------------------------
---------------------------------------------------------------------------------
Finished Rebuilding User Hierarchy : Time (s): cpu = 00:01:00 ; elapsed = 00:01:12 . Memory (MB): peak = 884.746 ; gain = 501.320
---------------------------------------------------------------------------------
---------------------------------------------------------------------------------
Start Renaming Generated Ports
---------------------------------------------------------------------------------
---------------------------------------------------------------------------------
Finished Renaming Generated Ports : Time (s): cpu = 00:01:00 ; elapsed = 00:01:12 . Memory (MB): peak = 884.746 ; gain = 501.320
---------------------------------------------------------------------------------
---------------------------------------------------------------------------------
Start Handling Custom Attributes
---------------------------------------------------------------------------------
---------------------------------------------------------------------------------
Finished Handling Custom Attributes : Time (s): cpu = 00:01:00 ; elapsed = 00:01:12 . Memory (MB): peak = 884.746 ; gain = 501.320
---------------------------------------------------------------------------------
---------------------------------------------------------------------------------
Start Renaming Generated Nets
---------------------------------------------------------------------------------
---------------------------------------------------------------------------------
Finished Renaming Generated Nets : Time (s): cpu = 00:01:00 ; elapsed = 00:01:12 . Memory (MB): peak = 884.746 ; gain = 501.320
---------------------------------------------------------------------------------
---------------------------------------------------------------------------------
Start Writing Synthesis Report
---------------------------------------------------------------------------------

Report BlackBoxes: 
+-+--------------+----------+
| |BlackBox name |Instances |
+-+--------------+----------+
+-+--------------+----------+

Report Cell Usage: 
+------+---------+------+
|      |Cell     |Count |
+------+---------+------+
|1     |CARRY4   |     8|
|2     |LUT1     |     4|
|3     |LUT2     |    39|
|4     |LUT3     |    41|
|5     |LUT4     |    38|
|6     |LUT5     |    54|
|7     |LUT6     |    82|
|8     |MUXF7    |    32|
|9     |RAM16X1S |     8|
|10    |FDCE     |    25|
|11    |FDPE     |    16|
|12    |FDRE     |   325|
|13    |FDSE     |     3|
|14    |LDC      |    15|
+------+---------+------+

Report Instance Areas: 
+------+---------------------------------+------------------------+------+
|      |Instance                         |Module                  |Cells |
+------+---------------------------------+------------------------+------+
|1     |top                              |                        |   690|
|2     |  U0                             |fir_sup_ip_v1_0         |   690|
|3     |    fir_sup_ip_v1_0_S00_AXI_inst |fir_sup_ip_v1_0_S00_AXI |   690|
|4     |      fir                        |fir_filter              |   263|
|5     |        cu                       |control_unit            |    92|
|6     |        mac_comp                 |mac                     |    87|
|7     |        ram                      |mlab_ram                |    35|
|8     |        rom                      |mlab_rom                |    30|
+------+---------------------------------+------------------------+------+
---------------------------------------------------------------------------------
Finished Writing Synthesis Report : Time (s): cpu = 00:01:00 ; elapsed = 00:01:12 . Memory (MB): peak = 884.746 ; gain = 501.320
---------------------------------------------------------------------------------
Synthesis finished with 0 errors, 0 critical warnings and 6 warnings.
Synthesis Optimization Runtime : Time (s): cpu = 00:00:37 ; elapsed = 00:00:52 . Memory (MB): peak = 884.746 ; gain = 188.727
Synthesis Optimization Complete : Time (s): cpu = 00:01:00 ; elapsed = 00:01:13 . Memory (MB): peak = 884.746 ; gain = 501.320
INFO: [Project 1-571] Translating synthesized netlist
INFO: [Netlist 29-17] Analyzing 63 Unisim elements for replacement
INFO: [Netlist 29-28] Unisim Transformation completed in 0 CPU seconds
INFO: [Project 1-570] Preparing netlist for logic optimization
INFO: [Opt 31-138] Pushed 0 inverter(s) to 0 load pin(s).
INFO: [Project 1-111] Unisim Transformation Summary:
  A total of 23 instances were transformed.
  LDC => LDCE: 15 instances
  RAM16X1S => RAM32X1S (RAMS32): 8 instances

INFO: [Common 17-83] Releasing license: Synthesis
49 Infos, 17 Warnings, 0 Critical Warnings and 0 Errors encountered.
synth_design completed successfully
synth_design: Time (s): cpu = 00:01:05 ; elapsed = 00:01:19 . Memory (MB): peak = 884.746 ; gain = 512.848
WARNING: [Constraints 18-5210] No constraint will be written out.
INFO: [Common 17-1381] The checkpoint 'C:/Xilinx/Vivado/2018.2/layouts/workspace/5th_exercise/fir_in_fpga/fir_in_fpga.runs/fpga_fir_sup_ip_0_1_synth_1/fpga_fir_sup_ip_0_1.dcp' has been generated.
