Vivado Simulator 2018.2
Copyright 1986-1999, 2001-2018 Xilinx, Inc. All Rights Reserved.
Running: C:/Xilinx/Vivado/2018.2/bin/unwrapped/win64.o/xelab.exe -wto ae27c7de673548dd945c15a8b738ae42 --incr --debug typical --relax --mt 2 -L xil_defaultlib -L unisims_ver -L secureip --snapshot sim_debayering_func_synth xil_defaultlib.sim_debayering xil_defaultlib.glbl -log elaborate.log 
Using 2 slave threads.
Starting static elaboration
Completed static elaboration
Starting simulation data flow analysis
Completed simulation data flow analysis
Time Resolution for simulation is 1ps
Compiling package std.standard
Compiling package std.textio
Compiling package ieee.std_logic_1164
Compiling package ieee.numeric_std
Compiling package unisim.vcomponents
Compiling package ieee.vital_timing
Compiling package ieee.vital_primitives
Compiling package unisim.vpkg
Compiling package ieee.std_logic_arith
Compiling package ieee.std_logic_signed
Compiling package ieee.std_logic_textio
Compiling module xil_defaultlib.glbl
Compiling architecture obuf_v of entity unisim.OBUF [\OBUF(1,9)(1,7)(1,4)\]
Compiling architecture ibuf_v of entity unisim.IBUF [\IBUF(1,9)(1,1)(1,4)(1,7)\]
Compiling architecture carry4_v of entity unisim.CARRY4 [carry4_default]
Compiling architecture lut6_v of entity unisim.LUT6 [\LUT6(init="11111111111111111111...]
Compiling architecture lut3_v of entity unisim.LUT3 [\LUT3(init="01111111")(0,7)\]
Compiling architecture lut3_v of entity unisim.LUT3 [\LUT3(init="11111110")(0,7)\]
Compiling architecture lut5_v of entity unisim.LUT5 [\LUT5(init="11111111111111111111...]
Compiling architecture lut4_v of entity unisim.LUT4 [\LUT4(init="1111111111111110")(0...]
Compiling architecture lut1_v of entity unisim.LUT1 [\LUT1(init="0001")(0,3)\]
Compiling architecture lut3_v of entity unisim.LUT3 [\LUT3(init="00000001")(0,7)\]
Compiling architecture lut3_v of entity unisim.LUT3 [\LUT3(init="10000000")(0,7)\]
Compiling architecture lut4_v of entity unisim.LUT4 [\LUT4(init="1010111000001000")(0...]
Compiling architecture lut6_v of entity unisim.LUT6 [\LUT6(init="01000100101101000100...]
Compiling architecture lut6_v of entity unisim.LUT6 [\LUT6(init="00000000010000000000...]
Compiling architecture lut5_v of entity unisim.LUT5 [\LUT5(init="10010110100110010110...]
Compiling architecture lut5_v of entity unisim.LUT5 [\LUT5(init="10100110010110010101...]
Compiling architecture lut4_v of entity unisim.LUT4 [\LUT4(init="1111111100000001")(0...]
Compiling architecture lut4_v of entity unisim.LUT4 [\LUT4(init="1111111110000000")(0...]
Compiling architecture lut4_v of entity unisim.LUT4 [\LUT4(init="0101100110100110")(0...]
Compiling architecture lut6_v of entity unisim.LUT6 [\LUT6(init="10101010101010100101...]
Compiling architecture lut6_v of entity unisim.LUT6 [\LUT6(init="01011010010110100101...]
Compiling architecture lut4_v of entity unisim.LUT4 [\LUT4(init="0111100010001000")(0...]
Compiling architecture lut5_v of entity unisim.LUT5 [\LUT5(init="10010101010101111010...]
Compiling architecture lut6_v of entity unisim.LUT6 [\LUT6(init="11111111111011111111...]
Compiling architecture structure of entity xil_defaultlib.debayering_calc_part_0_0_calc_color [debayering_calc_part_0_0_calc_co...]
Compiling architecture lut6_v of entity unisim.LUT6 [\LUT6(init="11111011001110111111...]
Compiling architecture lut4_v of entity unisim.LUT4 [\LUT4(init="1110101010000000")(0...]
Compiling architecture lut6_v of entity unisim.LUT6 [\LUT6(init="01101001100110011001...]
Compiling architecture lut6_v of entity unisim.LUT6 [\LUT6(init="10001110111011101110...]
Compiling architecture lut2_v of entity unisim.LUT2 [\LUT2(init="1000")(0,3)\]
Compiling architecture lut5_v of entity unisim.LUT5 [\LUT5(init="01101001100110011001...]
Compiling architecture lut5_v of entity unisim.LUT5 [\LUT5(init="01101010100101011001...]
Compiling architecture lut6_v of entity unisim.LUT6 [\LUT6(init="00010111011101110111...]
Compiling architecture lut4_v of entity unisim.LUT4 [\LUT4(init="1010101010101000")(0...]
Compiling architecture lut4_v of entity unisim.LUT4 [\LUT4(init="1001010101101010")(0...]
Compiling architecture lut6_v of entity unisim.LUT6 [\LUT6(init="01111000100001111000...]
Compiling architecture lut6_v of entity unisim.LUT6 [\LUT6(init="01101001010110101001...]
Compiling architecture lut6_v of entity unisim.LUT6 [\LUT6(init="01010101011010100110...]
Compiling architecture lut4_v of entity unisim.LUT4 [\LUT4(init="1011111010000010")(0...]
Compiling architecture lut6_v of entity unisim.LUT6 [\LUT6(init="00001011101111111011...]
Compiling architecture lut5_v of entity unisim.LUT5 [\LUT5(init="00100010001000100010...]
Compiling architecture lut5_v of entity unisim.LUT5 [\LUT5(init="00000010001000100010...]
Compiling architecture lut6_v of entity unisim.LUT6 [\LUT6(init="00101101001011010010...]
Compiling architecture lut6_v of entity unisim.LUT6 [\LUT6(init="11111011111110000011...]
Compiling architecture fdre_v of entity unisim.FDRE [fdre_default]
Compiling architecture structure of entity xil_defaultlib.debayering_calc_part_0_0_dff_matrix [debayering_calc_part_0_0_dff_mat...]
Compiling architecture structure of entity xil_defaultlib.debayering_calc_part_0_0_calc_part [debayering_calc_part_0_0_calc_pa...]
Compiling architecture structure of entity xil_defaultlib.debayering_calc_part_0_0 [debayering_calc_part_0_0_default]
Compiling architecture gnd_v of entity unisim.GND [gnd_default]
Compiling architecture vcc_v of entity unisim.VCC [vcc_default]
Compiling architecture lut3_v of entity unisim.LUT3 [\LUT3(init="11110100")(0,7)\]
Compiling architecture structure of entity xil_defaultlib.\debayering_fifo_generator_0_0__compare_1\ [\debayering_fifo_generator_0_0__...]
Compiling architecture lut6_v of entity unisim.LUT6 [\LUT6(init="11111111000011111111...]
Compiling architecture structure of entity xil_defaultlib.\debayering_fifo_generator_0_0__compare_2\ [\debayering_fifo_generator_0_0__...]
Compiling architecture lut2_v of entity unisim.LUT2 [\LUT2(init="0010")(0,3)\]
Compiling architecture fdse_v of entity unisim.FDSE [fdse_default]
Compiling architecture structure of entity xil_defaultlib.\debayering_fifo_generator_0_0__rd_status_flags_ss\ [\debayering_fifo_generator_0_0__...]
Compiling architecture lut2_v of entity unisim.LUT2 [\LUT2(init="0110")(0,3)\]
Compiling architecture lut3_v of entity unisim.LUT3 [\LUT3(init="01111000")(0,7)\]
Compiling architecture lut4_v of entity unisim.LUT4 [\LUT4(init="0111111110000000")(0...]
Compiling architecture lut5_v of entity unisim.LUT5 [\LUT5(init="01111111111111111000...]
Compiling architecture lut6_v of entity unisim.LUT6 [\LUT6(init="01111111111111111111...]
Compiling architecture lut6_v of entity unisim.LUT6 [\LUT6(init="10000000000000000000...]
Compiling architecture lut4_v of entity unisim.LUT4 [\LUT4(init="1001000000001001")(0...]
Compiling architecture structure of entity xil_defaultlib.\debayering_fifo_generator_0_0__rd_bin_cntr\ [\debayering_fifo_generator_0_0__...]
Compiling architecture structure of entity xil_defaultlib.\debayering_fifo_generator_0_0__rd_logic\ [\debayering_fifo_generator_0_0__...]
Compiling architecture structure of entity xil_defaultlib.\debayering_fifo_generator_0_0__compare\ [\debayering_fifo_generator_0_0__...]
Compiling architecture structure of entity xil_defaultlib.\debayering_fifo_generator_0_0__compare_0\ [\debayering_fifo_generator_0_0__...]
Compiling architecture lut1_v of entity unisim.LUT1 [\LUT1(init="0010")(0,3)\]
Compiling architecture structure of entity xil_defaultlib.\debayering_fifo_generator_0_0__wr_status_flags_ss\ [\debayering_fifo_generator_0_0__...]
Compiling architecture structure of entity xil_defaultlib.\debayering_fifo_generator_0_0__wr_bin_cntr\ [\debayering_fifo_generator_0_0__...]
Compiling architecture structure of entity xil_defaultlib.\debayering_fifo_generator_0_0__wr_logic\ [\debayering_fifo_generator_0_0__...]
Compiling architecture rb18_internal_vhdl_v of entity unisim.RB18_INTERNAL_VHDL [\RB18_INTERNAL_VHDL(bram_size=18...]
Compiling architecture ramb18e1_v of entity unisim.RAMB18E1 [\RAMB18E1(read_width_a=18,read_w...]
Compiling architecture structure of entity xil_defaultlib.\debayering_fifo_generator_0_0__blk_mem_gen_prim_wrapper\ [\debayering_fifo_generator_0_0__...]
Compiling architecture structure of entity xil_defaultlib.\debayering_fifo_generator_0_0__blk_mem_gen_prim_width\ [\debayering_fifo_generator_0_0__...]
Compiling architecture structure of entity xil_defaultlib.\debayering_fifo_generator_0_0__blk_mem_gen_generic_cstr\ [\debayering_fifo_generator_0_0__...]
Compiling architecture structure of entity xil_defaultlib.\debayering_fifo_generator_0_0__blk_mem_gen_top\ [\debayering_fifo_generator_0_0__...]
Compiling architecture structure of entity xil_defaultlib.\debayering_fifo_generator_0_0__blk_mem_gen_v8_4_1_synth\ [\debayering_fifo_generator_0_0__...]
Compiling architecture structure of entity xil_defaultlib.\debayering_fifo_generator_0_0__blk_mem_gen_v8_4_1\ [\debayering_fifo_generator_0_0__...]
Compiling architecture structure of entity xil_defaultlib.\debayering_fifo_generator_0_0__memory\ [\debayering_fifo_generator_0_0__...]
Compiling architecture structure of entity xil_defaultlib.\debayering_fifo_generator_0_0__fifo_generator_ramfifo\ [\debayering_fifo_generator_0_0__...]
Compiling architecture structure of entity xil_defaultlib.\debayering_fifo_generator_0_0__fifo_generator_top\ [\debayering_fifo_generator_0_0__...]
Compiling architecture structure of entity xil_defaultlib.\debayering_fifo_generator_0_0__fifo_generator_v13_2_2_synth\ [\debayering_fifo_generator_0_0__...]
Compiling architecture structure of entity xil_defaultlib.\debayering_fifo_generator_0_0__fifo_generator_v13_2_2\ [\debayering_fifo_generator_0_0__...]
Compiling architecture structure of entity xil_defaultlib.debayering_fifo_generator_0_0 [debayering_fifo_generator_0_0_de...]
Compiling architecture structure of entity xil_defaultlib.debayering_fifo_generator_0_1_compare_1 [debayering_fifo_generator_0_1_co...]
Compiling architecture structure of entity xil_defaultlib.debayering_fifo_generator_0_1_compare_2 [debayering_fifo_generator_0_1_co...]
Compiling architecture structure of entity xil_defaultlib.debayering_fifo_generator_0_1_rd_status_flags_ss [debayering_fifo_generator_0_1_rd...]
Compiling architecture structure of entity xil_defaultlib.debayering_fifo_generator_0_1_rd_bin_cntr [debayering_fifo_generator_0_1_rd...]
Compiling architecture structure of entity xil_defaultlib.debayering_fifo_generator_0_1_rd_logic [debayering_fifo_generator_0_1_rd...]
Compiling architecture structure of entity xil_defaultlib.debayering_fifo_generator_0_1_compare [debayering_fifo_generator_0_1_co...]
Compiling architecture structure of entity xil_defaultlib.debayering_fifo_generator_0_1_compare_0 [debayering_fifo_generator_0_1_co...]
Compiling architecture structure of entity xil_defaultlib.debayering_fifo_generator_0_1_wr_status_flags_ss [debayering_fifo_generator_0_1_wr...]
Compiling architecture structure of entity xil_defaultlib.debayering_fifo_generator_0_1_wr_bin_cntr [debayering_fifo_generator_0_1_wr...]
Compiling architecture structure of entity xil_defaultlib.debayering_fifo_generator_0_1_wr_logic [debayering_fifo_generator_0_1_wr...]
Compiling architecture structure of entity xil_defaultlib.debayering_fifo_generator_0_1_blk_mem_gen_prim_wrapper [debayering_fifo_generator_0_1_bl...]
Compiling architecture structure of entity xil_defaultlib.debayering_fifo_generator_0_1_blk_mem_gen_prim_width [debayering_fifo_generator_0_1_bl...]
Compiling architecture structure of entity xil_defaultlib.debayering_fifo_generator_0_1_blk_mem_gen_generic_cstr [debayering_fifo_generator_0_1_bl...]
Compiling architecture structure of entity xil_defaultlib.debayering_fifo_generator_0_1_blk_mem_gen_top [debayering_fifo_generator_0_1_bl...]
Compiling architecture structure of entity xil_defaultlib.debayering_fifo_generator_0_1_blk_mem_gen_v8_4_1_synth [debayering_fifo_generator_0_1_bl...]
Compiling architecture structure of entity xil_defaultlib.debayering_fifo_generator_0_1_blk_mem_gen_v8_4_1 [debayering_fifo_generator_0_1_bl...]
Compiling architecture structure of entity xil_defaultlib.debayering_fifo_generator_0_1_memory [debayering_fifo_generator_0_1_me...]
Compiling architecture structure of entity xil_defaultlib.debayering_fifo_generator_0_1_fifo_generator_ramfifo [debayering_fifo_generator_0_1_fi...]
Compiling architecture structure of entity xil_defaultlib.debayering_fifo_generator_0_1_fifo_generator_top [debayering_fifo_generator_0_1_fi...]
Compiling architecture structure of entity xil_defaultlib.debayering_fifo_generator_0_1_fifo_generator_v13_2_2_synth [debayering_fifo_generator_0_1_fi...]
Compiling architecture structure of entity xil_defaultlib.debayering_fifo_generator_0_1_fifo_generator_v13_2_2 [debayering_fifo_generator_0_1_fi...]
Compiling architecture structure of entity xil_defaultlib.debayering_fifo_generator_0_1 [debayering_fifo_generator_0_1_de...]
Compiling architecture structure of entity xil_defaultlib.\debayering_fifo_generator_0_2__compare_1\ [\debayering_fifo_generator_0_2__...]
Compiling architecture structure of entity xil_defaultlib.\debayering_fifo_generator_0_2__compare_2\ [\debayering_fifo_generator_0_2__...]
Compiling architecture structure of entity xil_defaultlib.\debayering_fifo_generator_0_2__rd_status_flags_ss\ [\debayering_fifo_generator_0_2__...]
Compiling architecture structure of entity xil_defaultlib.\debayering_fifo_generator_0_2__rd_bin_cntr\ [\debayering_fifo_generator_0_2__...]
Compiling architecture structure of entity xil_defaultlib.\debayering_fifo_generator_0_2__rd_logic\ [\debayering_fifo_generator_0_2__...]
Compiling architecture structure of entity xil_defaultlib.\debayering_fifo_generator_0_2__compare\ [\debayering_fifo_generator_0_2__...]
Compiling architecture structure of entity xil_defaultlib.\debayering_fifo_generator_0_2__compare_0\ [\debayering_fifo_generator_0_2__...]
Compiling architecture structure of entity xil_defaultlib.\debayering_fifo_generator_0_2__wr_status_flags_ss\ [\debayering_fifo_generator_0_2__...]
Compiling architecture structure of entity xil_defaultlib.\debayering_fifo_generator_0_2__wr_bin_cntr\ [\debayering_fifo_generator_0_2__...]
Compiling architecture structure of entity xil_defaultlib.\debayering_fifo_generator_0_2__wr_logic\ [\debayering_fifo_generator_0_2__...]
Compiling architecture structure of entity xil_defaultlib.\debayering_fifo_generator_0_2__blk_mem_gen_prim_wrapper\ [\debayering_fifo_generator_0_2__...]
Compiling architecture structure of entity xil_defaultlib.\debayering_fifo_generator_0_2__blk_mem_gen_prim_width\ [\debayering_fifo_generator_0_2__...]
Compiling architecture structure of entity xil_defaultlib.\debayering_fifo_generator_0_2__blk_mem_gen_generic_cstr\ [\debayering_fifo_generator_0_2__...]
Compiling architecture structure of entity xil_defaultlib.\debayering_fifo_generator_0_2__blk_mem_gen_top\ [\debayering_fifo_generator_0_2__...]
Compiling architecture structure of entity xil_defaultlib.\debayering_fifo_generator_0_2__blk_mem_gen_v8_4_1_synth\ [\debayering_fifo_generator_0_2__...]
Compiling architecture structure of entity xil_defaultlib.\debayering_fifo_generator_0_2__blk_mem_gen_v8_4_1\ [\debayering_fifo_generator_0_2__...]
Compiling architecture structure of entity xil_defaultlib.\debayering_fifo_generator_0_2__memory\ [\debayering_fifo_generator_0_2__...]
Compiling architecture structure of entity xil_defaultlib.\debayering_fifo_generator_0_2__fifo_generator_ramfifo\ [\debayering_fifo_generator_0_2__...]
Compiling architecture structure of entity xil_defaultlib.\debayering_fifo_generator_0_2__fifo_generator_top\ [\debayering_fifo_generator_0_2__...]
Compiling architecture structure of entity xil_defaultlib.\debayering_fifo_generator_0_2__fifo_generator_v13_2_2_synth\ [\debayering_fifo_generator_0_2__...]
Compiling architecture structure of entity xil_defaultlib.\debayering_fifo_generator_0_2__fifo_generator_v13_2_2\ [\debayering_fifo_generator_0_2__...]
Compiling architecture structure of entity xil_defaultlib.debayering_fifo_generator_0_2 [debayering_fifo_generator_0_2_de...]
Compiling architecture lut6_v of entity unisim.LUT6 [\LUT6(init="00000000101110000000...]
Compiling architecture lut4_v of entity unisim.LUT4 [\LUT4(init="0000010111000000")(0...]
Compiling architecture fdce_v of entity unisim.FDCE [fdce_default]
Compiling architecture lut5_v of entity unisim.LUT5 [\LUT5(init="00000011111111111010...]
Compiling architecture lut4_v of entity unisim.LUT4 [\LUT4(init="0000001000100010")(0...]
Compiling architecture lut6_v of entity unisim.LUT6 [\LUT6(init="00000000000000000000...]
Compiling architecture lut2_v of entity unisim.LUT2 [\LUT2(init="0001")(0,3)\]
Compiling architecture lut4_v of entity unisim.LUT4 [\LUT4(init="1111111100000010")(0...]
Compiling architecture lut5_v of entity unisim.LUT5 [\LUT5(init="00000000000000000000...]
Compiling architecture lut5_v of entity unisim.LUT5 [\LUT5(init="00000000000000010000...]
Compiling architecture lut4_v of entity unisim.LUT4 [\LUT4(init="0000000000000001")(0...]
Compiling architecture lut4_v of entity unisim.LUT4 [\LUT4(init="1111111100001000")(0...]
Compiling architecture lut6_v of entity unisim.LUT6 [\LUT6(init="11111111111111111111...]
Compiling architecture lut6_v of entity unisim.LUT6 [\LUT6(init="00000000000000000000...]
Compiling architecture lut4_v of entity unisim.LUT4 [\LUT4(init="0000000000001000")(0...]
Compiling architecture lut3_v of entity unisim.LUT3 [\LUT3(init="11110001")(0,7)\]
Compiling architecture lut3_v of entity unisim.LUT3 [\LUT3(init="00000100")(0,7)\]
Compiling architecture lut2_v of entity unisim.LUT2 [\LUT2(init="0111")(0,3)\]
Compiling architecture lut3_v of entity unisim.LUT3 [\LUT3(init="01000000")(0,7)\]
Compiling architecture structure of entity xil_defaultlib.debayering_fsm_0_0_fsm [debayering_fsm_0_0_fsm_default]
Compiling architecture lut3_v of entity unisim.LUT3 [\LUT3(init="00001000")(0,7)\]
Compiling architecture structure of entity xil_defaultlib.debayering_fsm_0_0 [debayering_fsm_0_0_default]
Compiling architecture structure of entity xil_defaultlib.debayering [debayering_default]
Compiling architecture structure of entity xil_defaultlib.debayering_wrapper [debayering_wrapper_default]
Compiling architecture sim_debayering of entity xil_defaultlib.sim_debayering
Built simulation snapshot sim_debayering_func_synth
