Vivado Simulator 2018.2
Time resolution is 1 ps
Note: 179
Time: 0 ps  Iteration: 0  Process: /sim_debayering/file_in  File: C:/Xilinx/Vivado/2018.2/layouts/workspace/6th_exercise/6th_exercise.srcs/sim_1/new/sim_debayering.vhd
Note: 83
Time: 0 ps  Iteration: 0  Process: /sim_debayering/file_in  File: C:/Xilinx/Vivado/2018.2/layouts/workspace/6th_exercise/6th_exercise.srcs/sim_1/new/sim_debayering.vhd
Note: 72
Time: 0 ps  Iteration: 0  Process: /sim_debayering/file_in  File: C:/Xilinx/Vivado/2018.2/layouts/workspace/6th_exercise/6th_exercise.srcs/sim_1/new/sim_debayering.vhd
Note: 112
Time: 0 ps  Iteration: 0  Process: /sim_debayering/file_in  File: C:/Xilinx/Vivado/2018.2/layouts/workspace/6th_exercise/6th_exercise.srcs/sim_1/new/sim_debayering.vhd
Note: 18
Time: 0 ps  Iteration: 0  Process: /sim_debayering/file_in  File: C:/Xilinx/Vivado/2018.2/layouts/workspace/6th_exercise/6th_exercise.srcs/sim_1/new/sim_debayering.vhd
Note: 138
Time: 0 ps  Iteration: 0  Process: /sim_debayering/file_in  File: C:/Xilinx/Vivado/2018.2/layouts/workspace/6th_exercise/6th_exercise.srcs/sim_1/new/sim_debayering.vhd
Note: 192
Time: 0 ps  Iteration: 0  Process: /sim_debayering/file_in  File: C:/Xilinx/Vivado/2018.2/layouts/workspace/6th_exercise/6th_exercise.srcs/sim_1/new/sim_debayering.vhd
Note: 194
Time: 0 ps  Iteration: 0  Process: /sim_debayering/file_in  File: C:/Xilinx/Vivado/2018.2/layouts/workspace/6th_exercise/6th_exercise.srcs/sim_1/new/sim_debayering.vhd
Note: 35
Time: 0 ps  Iteration: 0  Process: /sim_debayering/file_in  File: C:/Xilinx/Vivado/2018.2/layouts/workspace/6th_exercise/6th_exercise.srcs/sim_1/new/sim_debayering.vhd
Note: 164
Time: 0 ps  Iteration: 0  Process: /sim_debayering/file_in  File: C:/Xilinx/Vivado/2018.2/layouts/workspace/6th_exercise/6th_exercise.srcs/sim_1/new/sim_debayering.vhd
Note: 162
Time: 0 ps  Iteration: 0  Process: /sim_debayering/file_in  File: C:/Xilinx/Vivado/2018.2/layouts/workspace/6th_exercise/6th_exercise.srcs/sim_1/new/sim_debayering.vhd
Note: 180
Time: 0 ps  Iteration: 0  Process: /sim_debayering/file_in  File: C:/Xilinx/Vivado/2018.2/layouts/workspace/6th_exercise/6th_exercise.srcs/sim_1/new/sim_debayering.vhd
Note: 251
Time: 0 ps  Iteration: 0  Process: /sim_debayering/file_in  File: C:/Xilinx/Vivado/2018.2/layouts/workspace/6th_exercise/6th_exercise.srcs/sim_1/new/sim_debayering.vhd
Note: 191
Time: 0 ps  Iteration: 0  Process: /sim_debayering/file_in  File: C:/Xilinx/Vivado/2018.2/layouts/workspace/6th_exercise/6th_exercise.srcs/sim_1/new/sim_debayering.vhd
Note: 255
Time: 0 ps  Iteration: 0  Process: /sim_debayering/file_in  File: C:/Xilinx/Vivado/2018.2/layouts/workspace/6th_exercise/6th_exercise.srcs/sim_1/new/sim_debayering.vhd
Note: 127
Time: 0 ps  Iteration: 0  Process: /sim_debayering/file_in  File: C:/Xilinx/Vivado/2018.2/layouts/workspace/6th_exercise/6th_exercise.srcs/sim_1/new/sim_debayering.vhd
Note: 51
Time: 0 ps  Iteration: 0  Process: /sim_debayering/file_in  File: C:/Xilinx/Vivado/2018.2/layouts/workspace/6th_exercise/6th_exercise.srcs/sim_1/new/sim_debayering.vhd
Note: 253
Time: 0 ps  Iteration: 0  Process: /sim_debayering/file_in  File: C:/Xilinx/Vivado/2018.2/layouts/workspace/6th_exercise/6th_exercise.srcs/sim_1/new/sim_debayering.vhd
Note: 200
Time: 0 ps  Iteration: 0  Process: /sim_debayering/file_in  File: C:/Xilinx/Vivado/2018.2/layouts/workspace/6th_exercise/6th_exercise.srcs/sim_1/new/sim_debayering.vhd
Note: 193
Time: 0 ps  Iteration: 0  Process: /sim_debayering/file_in  File: C:/Xilinx/Vivado/2018.2/layouts/workspace/6th_exercise/6th_exercise.srcs/sim_1/new/sim_debayering.vhd
Note: 14
Time: 0 ps  Iteration: 0  Process: /sim_debayering/file_in  File: C:/Xilinx/Vivado/2018.2/layouts/workspace/6th_exercise/6th_exercise.srcs/sim_1/new/sim_debayering.vhd
Note: 233
Time: 0 ps  Iteration: 0  Process: /sim_debayering/file_in  File: C:/Xilinx/Vivado/2018.2/layouts/workspace/6th_exercise/6th_exercise.srcs/sim_1/new/sim_debayering.vhd
Note: 22
Time: 0 ps  Iteration: 0  Process: /sim_debayering/file_in  File: C:/Xilinx/Vivado/2018.2/layouts/workspace/6th_exercise/6th_exercise.srcs/sim_1/new/sim_debayering.vhd
Note: 25
Time: 0 ps  Iteration: 0  Process: /sim_debayering/file_in  File: C:/Xilinx/Vivado/2018.2/layouts/workspace/6th_exercise/6th_exercise.srcs/sim_1/new/sim_debayering.vhd
Note: 162
Time: 0 ps  Iteration: 0  Process: /sim_debayering/file_in  File: C:/Xilinx/Vivado/2018.2/layouts/workspace/6th_exercise/6th_exercise.srcs/sim_1/new/sim_debayering.vhd
Note: 237
Time: 0 ps  Iteration: 0  Process: /sim_debayering/file_in  File: C:/Xilinx/Vivado/2018.2/layouts/workspace/6th_exercise/6th_exercise.srcs/sim_1/new/sim_debayering.vhd
Note: 81
Time: 0 ps  Iteration: 0  Process: /sim_debayering/file_in  File: C:/Xilinx/Vivado/2018.2/layouts/workspace/6th_exercise/6th_exercise.srcs/sim_1/new/sim_debayering.vhd
Note: 22
Time: 0 ps  Iteration: 0  Process: /sim_debayering/file_in  File: C:/Xilinx/Vivado/2018.2/layouts/workspace/6th_exercise/6th_exercise.srcs/sim_1/new/sim_debayering.vhd
Note: 52
Time: 0 ps  Iteration: 0  Process: /sim_debayering/file_in  File: C:/Xilinx/Vivado/2018.2/layouts/workspace/6th_exercise/6th_exercise.srcs/sim_1/new/sim_debayering.vhd
Note: 130
Time: 0 ps  Iteration: 0  Process: /sim_debayering/file_in  File: C:/Xilinx/Vivado/2018.2/layouts/workspace/6th_exercise/6th_exercise.srcs/sim_1/new/sim_debayering.vhd
Note: 93
Time: 0 ps  Iteration: 0  Process: /sim_debayering/file_in  File: C:/Xilinx/Vivado/2018.2/layouts/workspace/6th_exercise/6th_exercise.srcs/sim_1/new/sim_debayering.vhd
Note: 232
Time: 0 ps  Iteration: 0  Process: /sim_debayering/file_in  File: C:/Xilinx/Vivado/2018.2/layouts/workspace/6th_exercise/6th_exercise.srcs/sim_1/new/sim_debayering.vhd
Note: 92
Time: 0 ps  Iteration: 0  Process: /sim_debayering/file_in  File: C:/Xilinx/Vivado/2018.2/layouts/workspace/6th_exercise/6th_exercise.srcs/sim_1/new/sim_debayering.vhd
Note: 28
Time: 0 ps  Iteration: 0  Process: /sim_debayering/file_in  File: C:/Xilinx/Vivado/2018.2/layouts/workspace/6th_exercise/6th_exercise.srcs/sim_1/new/sim_debayering.vhd
Note: 197
Time: 0 ps  Iteration: 0  Process: /sim_debayering/file_in  File: C:/Xilinx/Vivado/2018.2/layouts/workspace/6th_exercise/6th_exercise.srcs/sim_1/new/sim_debayering.vhd
Note: 131
Time: 0 ps  Iteration: 0  Process: /sim_debayering/file_in  File: C:/Xilinx/Vivado/2018.2/layouts/workspace/6th_exercise/6th_exercise.srcs/sim_1/new/sim_debayering.vhd
Note: 155
Time: 0 ps  Iteration: 0  Process: /sim_debayering/file_in  File: C:/Xilinx/Vivado/2018.2/layouts/workspace/6th_exercise/6th_exercise.srcs/sim_1/new/sim_debayering.vhd
Note: 236
Time: 0 ps  Iteration: 0  Process: /sim_debayering/file_in  File: C:/Xilinx/Vivado/2018.2/layouts/workspace/6th_exercise/6th_exercise.srcs/sim_1/new/sim_debayering.vhd
Note: 127
Time: 0 ps  Iteration: 0  Process: /sim_debayering/file_in  File: C:/Xilinx/Vivado/2018.2/layouts/workspace/6th_exercise/6th_exercise.srcs/sim_1/new/sim_debayering.vhd
Note: 171
Time: 0 ps  Iteration: 0  Process: /sim_debayering/file_in  File: C:/Xilinx/Vivado/2018.2/layouts/workspace/6th_exercise/6th_exercise.srcs/sim_1/new/sim_debayering.vhd
Note: 141
Time: 0 ps  Iteration: 0  Process: /sim_debayering/file_in  File: C:/Xilinx/Vivado/2018.2/layouts/workspace/6th_exercise/6th_exercise.srcs/sim_1/new/sim_debayering.vhd
Note: 19
Time: 0 ps  Iteration: 0  Process: /sim_debayering/file_in  File: C:/Xilinx/Vivado/2018.2/layouts/workspace/6th_exercise/6th_exercise.srcs/sim_1/new/sim_debayering.vhd
Note: 93
Time: 0 ps  Iteration: 0  Process: /sim_debayering/file_in  File: C:/Xilinx/Vivado/2018.2/layouts/workspace/6th_exercise/6th_exercise.srcs/sim_1/new/sim_debayering.vhd
Note: 158
Time: 0 ps  Iteration: 0  Process: /sim_debayering/file_in  File: C:/Xilinx/Vivado/2018.2/layouts/workspace/6th_exercise/6th_exercise.srcs/sim_1/new/sim_debayering.vhd
Note: 195
Time: 0 ps  Iteration: 0  Process: /sim_debayering/file_in  File: C:/Xilinx/Vivado/2018.2/layouts/workspace/6th_exercise/6th_exercise.srcs/sim_1/new/sim_debayering.vhd
Note: 71
Time: 0 ps  Iteration: 0  Process: /sim_debayering/file_in  File: C:/Xilinx/Vivado/2018.2/layouts/workspace/6th_exercise/6th_exercise.srcs/si