Copyright 1986-2018 Xilinx, Inc. All Rights Reserved.
------------------------------------------------------------------------------------
| Tool Version : Vivado v.2018.2 (win64) Build 2258646 Thu Jun 14 20:03:12 MDT 2018
| Date         : Sat May  6 06:08:45 2023
| Host         : DESKTOP-H9O19A2 running 64-bit major release  (build 9200)
| Command      : upgrade_ip
| Device       : xc7z010clg400-1
------------------------------------------------------------------------------------

Upgrade Log for IP 'fpga_fir_sup_ip_0_1'

1. Summary
----------

SUCCESS in the upgrade of fpga_fir_sup_ip_0_1 (xilinx.com:user:fir_sup_ip:1.0) from (Rev. 7) to (Rev. 13)






Copyright 1986-2018 Xilinx, Inc. All Rights Reserved.
------------------------------------------------------------------------------------
| Tool Version : Vivado v.2018.2 (win64) Build 2258646 Thu Jun 14 20:03:12 MDT 2018
| Date         : Sat May  6 06:08:44 2023
| Host         : DESKTOP-H9O19A2 running 64-bit major release  (build 9200)
| Command      : upgrade_ip
| Device       : xc7z010clg400-1
------------------------------------------------------------------------------------

Upgrade Log for IP 'fir_sup_ip_0'

1. Summary
----------

SUCCESS in the upgrade of fir_sup_ip_0 (xilinx.com:user:fir_sup_ip:1.0) from (Rev. 7) to (Rev. 13)






Copyright 1986-2018 Xilinx, Inc. All Rights Reserved.
------------------------------------------------------------------------------------
| Tool Version : Vivado v.2018.2 (win64) Build 2258646 Thu Jun 14 20:03:12 MDT 2018
| Date         : Sat May  6 06:02:35 2023
| Host         : DESKTOP-H9O19A2 running 64-bit major release  (build 9200)
| Command      : upgrade_ip
| Device       : xc7z010clg400-1
------------------------------------------------------------------------------------

Upgrade Log for IP 'fpga_fir_sup_ip_0_1'

1. Summary
----------

SUCCESS in the conversion of fpga_fir_sup_ip_0_1 (xilinx.com:user:fir_sup_ip:1.0 (Rev. 7)) to Vivado generation flows.






Copyright 1986-2018 Xilinx, Inc. All Rights Reserved.
------------------------------------------------------------------------------------
| Tool Version : Vivado v.2018.2 (win64) Build 2258646 Thu Jun 14 20:03:12 MDT 2018
| Date         : Sat May  6 06:02:34 2023
| Host         : DESKTOP-H9O19A2 running 64-bit major release  (build 9200)
| Command      : upgrade_ip
| Device       : xc7z010clg400-1
------------------------------------------------------------------------------------

Upgrade Log for IP 'fir_sup_ip_0'

1. Summary
----------

SUCCESS in the conversion of fir_sup_ip_0 (xilinx.com:user:fir_sup_ip:1.0 (Rev. 7)) to Vivado generation flows.






Copyright 1986-2018 Xilinx, Inc. All Rights Reserved.
------------------------------------------------------------------------------------
| Tool Version : Vivado v.2018.2 (win64) Build 2258646 Thu Jun 14 20:03:12 MDT 2018
| Date         : Sat May  6 05:58:36 2023
| Host         : DESKTOP-H9O19A2 running 64-bit major release  (build 9200)
| Command      : upgrade_ip
| Device       : xc7z010clg400-1
------------------------------------------------------------------------------------

Upgrade Log for IP 'fpga_fir_sup_ip_0_1'

1. Summary
----------

SUCCESS in the upgrade of fpga_fir_sup_ip_0_1 (xilinx.com:user:fir_sup_ip:1.0) from (Rev. 6) to (Rev. 7)






Copyright 1986-2018 Xilinx, Inc. All Rights Reserved.
------------------------------------------------------------------------------------
| Tool Version : Vivado v.2018.2 (win64) Build 2258646 Thu Jun 14 20:03:12 MDT 2018
| Date         : Sat May  6 05:58:35 2023
| Host         : DESKTOP-H9O19A2 running 64-bit major release  (build 9200)
| Command      : upgrade_ip
| Device       : xc7z010clg400-1
------------------------------------------------------------------------------------

Upgrade Log for IP 'fir_sup_ip_0'

1. Summary
----------

SUCCESS in the upgrade of fir_sup_ip_0 (xilinx.com:user:fir_sup_ip:1.0) from (Rev. 6) to (Rev. 7)






Copyright 1986-2018 Xilinx, Inc. All Rights Reserved.
------------------------------------------------------------------------------------
| Tool Version : Vivado v.2018.2 (win64) Build 2258646 Thu Jun 14 20:03:12 MDT 2018
| Date         : Sat May  6 05:46:50 2023
| Host         : DESKTOP-H9O19A2 running 64-bit major release  (build 9200)
| Command      : upgrade_ip
| Device       : xc7z010clg400-1
------------------------------------------------------------------------------------

Upgrade Log for IP 'fpga_fir_sup_ip_0_1'

1. Summary
----------

SUCCESS in the upgrade of fpga_fir_sup_ip_0_1 (xilinx.com:user:fir_sup_ip:1.0) from (Rev. 5) to (Rev. 6)






Copyright 1986-2018 Xilinx, Inc. All Rights Reserved.
------------------------------------------------------------------------------------
| Tool Version : Vivado v.2018.2 (win64) Build 2258646 Thu Jun 14 20:03:12 MDT 2018
| Date         : Sat May  6 05:46:49 2023
| Host         : DESKTOP-H9O19A2 running 64-bit major release  (build 9200)
| Command      : upgrade_ip
| Device       : xc7z010clg400-1
------------------------------------------------------------------------------------

Upgrade Log for IP 'fir_sup_ip_0'

1. Summary
----------

SUCCESS in the upgrade of fir_sup_ip_0 (xilinx.com:user:fir_sup_ip:1.0) from (Rev. 5) to (Rev. 6)






Copyright 1986-2018 Xilinx, Inc. All Rights Reserved.
------------------------------------------------------------------------------------
| Tool Version : Vivado v.2018.2 (win64) Build 2258646 Thu Jun 14 20:03:12 MDT 2018
| Date         : Sat May  6 05:39:48 2023
| Host         : DESKTOP-H9O19A2 running 64-bit major release  (build 9200)
| Command      : upgrade_ip
| Device       : xc7z010clg400-1
------------------------------------------------------------------------------------

Upgrade Log for IP 'fpga_fir_sup_ip_0_1'

1. Summary
----------

SUCCESS in the upgrade of fpga_fir_sup_ip_0_1 (xilinx.com:user:fir_sup_ip:1.0) from (Rev. 4) to (Rev. 5)






Copyright 1986-2018 Xilinx, Inc. All Rights Reserved.
------------------------------------------------------------------------------------
| Tool Version : Vivado v.2018.2 (win64) Build 2258646 Thu Jun 14 20:03:12 MDT 2018
| Date         : Sat May  6 05:39:47 2023
| Host         : DESKTOP-H9O19A2 running 64-bit major release  (build 9200)
| Command      : upgrade_ip
| Device       : xc7z010clg400-1
------------------------------------------------------------------------------------

Upgrade Log for IP 'fir_sup_ip_0'

1. Summary
----------

SUCCESS in the upgrade of fir_sup_ip_0 (xilinx.com:user:fir_sup_ip:1.0) from (Rev. 4) to (Rev. 5)






Copyright 1986-2018 Xilinx, Inc. All Rights Reserved.
------------------------------------------------------------------------------------
| Tool Version : Vivado v.2018.2 (win64) Build 2258646 Thu Jun 14 20:03:12 MDT 2018
| Date         : Sat May  6 05:33:03 2023
| Host         : DESKTOP-H9O19A2 running 64-bit major release  (build 9200)
| Command      : upgrade_ip
| Device       : xc7z010clg400-1
------------------------------------------------------------------------------------

Upgrade Log for IP 'fpga_fir_sup_ip_0_1'

1. Summary
----------

SUCCESS in the upgrade of fpga_fir_sup_ip_0_1 (xilinx.com:user:fir_sup_ip:1.0) from (Rev. 2) to (Rev. 4)






Copyright 1986-2018 Xilinx, Inc. All Rights Reserved.
------------------------------------------------------------------------------------
| Tool Version : Vivado v.2018.2 (win64) Build 2258646 Thu Jun 14 20:03:12 MDT 2018
| Date         : Sat May  6 05:33:02 2023
| Host         : DESKTOP-H9O19A2 running 64-bit major release  (build 9200)
| Command      : upgrade_ip
| Device       : xc7z010clg400-1
------------------------------------------------------------------------------------

Upgrade Log for IP 'fir_sup_ip_0'

1. Summary
----------

SUCCESS in the upgrade of fir_sup_ip_0 (xilinx.com:user:fir_sup_ip:1.0) from (Rev. 2) to (Rev. 4)






Copyright 1986-2018 Xilinx, Inc. All Rights Reserved.
------------------------------------------------------------------------------------
| Tool Version : Vivado v.2018.2 (win64) Build 2258646 Thu Jun 14 20:03:12 MDT 2018
| Date         : Fri May  5 22:34:30 2023
| Host         : DESKTOP-H9O19A2 running 64-bit major release  (build 9200)
| Command      : upgrade_ip
| Device       : xc7z010clg400-1
------------------------------------------------------------------------------------

Upgrade Log for IP 'fpga_fir_sup_ip_0_1'

1. Summary
----------

SUCCESS in the upgrade of fpga_fir_sup_ip_0_1 (xilinx.com:user:fir_sup_ip:1.0) from (Rev. 1) to (Rev. 2)






Copyright 1986-2018 Xilinx, Inc. All Rights Reserved.
------------------------------------------------------------------------------------
| Tool Version : Vivado v.2018.2 (win64) Build 2258646 Thu Jun 14 20:03:12 MDT 2018
| Date         : Fri May  5 22:34:29 2023
| Host         : DESKTOP-H9O19A2 running 64-bit major release  (build 9200)
| Command      : upgrade_ip
| Device       : xc7z010clg400-1
------------------------------------------------------------------------------------

Upgrade Log for IP 'fir_sup_ip_0'

1. Summary
----------

SUCCESS in the upgrade of fir_sup_ip_0 (xilinx.com:user:fir_sup_ip:1.0) from (Rev. 1) to (Rev. 2)






Copyright 1986-2018 Xilinx, Inc. All Rights Reserved.
------------------------------------------------------------------------------------
| Tool Version : Vivado v.2018.2 (win64) Build 2258646 Thu Jun 14 20:03:12 MDT 2018
| Date         : Fri May  5 15:21:08 2023
| Host         : DESKTOP-H9O19A2 running 64-bit major release  (build 9200)
| Command      : upgrade_ip
| Device       : xc7z010clg400-1
------------------------------------------------------------------------------------

Upgrade Log for IP 'fpga_fir_sup_ip_0_1'

1. Summary
----------

SUCCESS in the conversion of fpga_fir_sup_ip_0_1 (xilinx.com:user:fir_sup_ip:1.0 (Rev. 1)) to Vivado generation flows.






Copyright 1986-2018 Xilinx, Inc. All Rights Reserved.
------------------------------------------------------------------------------------
| Tool Version : Vivado v.2018.2 (win64) Build 2258646 Thu Jun 14 20:03:12 MDT 2018
| Date         : Fri May  5 15:12:40 2023
| Host         : DESKTOP-H9O19A2 running 64-bit major release  (build 9200)
| Command      : upgrade_ip
| Device       : xc7z010clg400-1
------------------------------------------------------------------------------------

Upgrade Log for IP 'fpga_fir_sup_ip_0_1'

1. Summary
----------

SUCCESS in the conversion of fpga_fir_sup_ip_0_1 (xilinx.com:user:fir_sup_ip:1.0 (Rev. 1)) to Vivado generation flows.






Copyright 1986-2018 Xilinx, Inc. All Rights Reserved.
------------------------------------------------------------------------------------
| Tool Version : Vivado v.2018.2 (win64) Build 2258646 Thu Jun 14 20:03:12 MDT 2018
| Date         : Fri May  5 15:08:50 2023
| Host         : DESKTOP-H9O19A2 running 64-bit major release  (build 9200)
| Command      : upgrade_ip
| Device       : xc7z010clg400-1
------------------------------------------------------------------------------------

Upgrade Log for IP 'fpga_fir_sup_ip_0_1'

1. Summary
----------

SUCCESS in the conversion of fpga_fir_sup_ip_0_1 (xilinx.com:user:fir_sup_ip:1.0 (Rev. 1)) to Vivado generation flows.

